{"/home/travis/build/npmtest/node-npmtest-electron-pdf/test.js":{"path":"/home/travis/build/npmtest/node-npmtest-electron-pdf/test.js","s":{"1":2,"2":2,"3":2,"4":2,"5":2,"6":2,"7":2,"8":1,"9":2,"10":2,"11":1,"12":1,"13":1,"14":1,"15":2,"16":2,"17":2,"18":2,"19":1,"20":1,"21":2,"22":2,"23":2,"24":1,"25":1,"26":1,"27":1,"28":1,"29":1,"30":1,"31":1,"32":1,"33":1,"34":1,"35":1,"36":1,"37":1,"38":1,"39":2,"40":2,"41":1,"42":2,"43":2,"44":1,"45":2,"46":2,"47":1,"48":2,"49":2,"50":1,"51":1,"52":1,"53":1,"54":1},"b":{"1":[2,1,1,1],"2":[1,1,1,1],"3":[1,1],"4":[1,1],"5":[1,1],"6":[1,1],"7":[1,1],"8":[1,1],"9":[1,1],"10":[1,1,1],"11":[1,1],"12":[1,1],"13":[1,1],"14":[1,1],"15":[1,1],"16":[1,1],"17":[1,1]},"f":{"1":2,"2":2,"3":2,"4":2,"5":2,"6":1,"7":1,"8":1,"9":2,"10":2,"11":2,"12":2,"13":1},"fnMap":{"1":{"name":"(anonymous_1)","line":12,"loc":{"start":{"line":12,"column":1},"end":{"line":12,"column":13}}},"2":{"name":"(anonymous_2)","line":19,"loc":{"start":{"line":19,"column":5},"end":{"line":19,"column":17}}},"3":{"name":"(anonymous_3)","line":23,"loc":{"start":{"line":23,"column":24},"end":{"line":23,"column":36}}},"4":{"name":"(anonymous_4)","line":61,"loc":{"start":{"line":61,"column":5},"end":{"line":61,"column":17}}},"5":{"name":"(anonymous_5)","line":82,"loc":{"start":{"line":82,"column":5},"end":{"line":82,"column":17}}},"6":{"name":"(anonymous_6)","line":91,"loc":{"start":{"line":91,"column":77},"end":{"line":94,"column":10}}},"7":{"name":"(anonymous_7)","line":112,"loc":{"start":{"line":112,"column":83},"end":{"line":115,"column":10}},"skip":true},"8":{"name":"(anonymous_8)","line":123,"loc":{"start":{"line":123,"column":77},"end":{"line":126,"column":10}},"skip":true},"9":{"name":"(anonymous_9)","line":139,"loc":{"start":{"line":139,"column":12},"end":{"line":139,"column":40}},"skip":true},"10":{"name":"(anonymous_10)","line":147,"loc":{"start":{"line":147,"column":77},"end":{"line":150,"column":10}},"skip":true},"11":{"name":"(anonymous_11)","line":158,"loc":{"start":{"line":158,"column":83},"end":{"line":161,"column":10}},"skip":true},"12":{"name":"(anonymous_12)","line":169,"loc":{"start":{"line":169,"column":79},"end":{"line":172,"column":10}},"skip":true},"13":{"name":"(anonymous_13)","line":180,"loc":{"start":{"line":180,"column":75},"end":{"line":183,"column":10}},"skip":true}},"statementMap":{"1":{"start":{"line":12,"column":0},"end":{"line":195,"column":5}},"2":{"start":{"line":14,"column":4},"end":{"line":14,"column":14}},"3":{"start":{"line":19,"column":4},"end":{"line":56,"column":9}},"4":{"start":{"line":21,"column":8},"end":{"line":21,"column":19}},"5":{"start":{"line":23,"column":8},"end":{"line":35,"column":13}},"6":{"start":{"line":24,"column":12},"end":{"line":34,"column":13}},"7":{"start":{"line":25,"column":16},"end":{"line":28,"column":30}},"8":{"start":{"line":30,"column":16},"end":{"line":33,"column":27}},"9":{"start":{"line":37,"column":8},"end":{"line":39,"column":21}},"10":{"start":{"line":40,"column":8},"end":{"line":53,"column":9}},"11":{"start":{"line":43,"column":12},"end":{"line":46,"column":14}},"12":{"start":{"line":47,"column":12},"end":{"line":47,"column":18}},"13":{"start":{"line":50,"column":12},"end":{"line":51,"column":46}},"14":{"start":{"line":52,"column":12},"end":{"line":52,"column":18}},"15":{"start":{"line":55,"column":8},"end":{"line":55,"column":35}},"16":{"start":{"line":61,"column":4},"end":{"line":63,"column":9}},"17":{"start":{"line":62,"column":8},"end":{"line":62,"column":15}},"18":{"start":{"line":64,"column":4},"end":{"line":77,"column":5}},"19":{"start":{"line":70,"column":8},"end":{"line":70,"column":14}},"20":{"start":{"line":76,"column":8},"end":{"line":76,"column":14}},"21":{"start":{"line":82,"column":4},"end":{"line":84,"column":9}},"22":{"start":{"line":83,"column":8},"end":{"line":83,"column":15}},"23":{"start":{"line":85,"column":4},"end":{"line":194,"column":5}},"24":{"start":{"line":91,"column":8},"end":{"line":99,"column":10}},"25":{"start":{"line":98,"column":12},"end":{"line":98,"column":35}},"26":{"start":{"line":102,"column":8},"end":{"line":104,"column":63}},"27":{"start":{"line":105,"column":8},"end":{"line":105,"column":14}},"28":{"start":{"line":112,"column":8},"end":{"line":121,"column":10},"skip":true},"29":{"start":{"line":119,"column":12},"end":{"line":119,"column":55},"skip":true},"30":{"start":{"line":120,"column":12},"end":{"line":120,"column":48},"skip":true},"31":{"start":{"line":123,"column":8},"end":{"line":136,"column":10},"skip":true},"32":{"start":{"line":130,"column":12},"end":{"line":130,"column":76},"skip":true},"33":{"start":{"line":131,"column":12},"end":{"line":131,"column":73},"skip":true},"34":{"start":{"line":132,"column":12},"end":{"line":132,"column":74},"skip":true},"35":{"start":{"line":133,"column":12},"end":{"line":133,"column":79},"skip":true},"36":{"start":{"line":134,"column":12},"end":{"line":134,"column":25},"skip":true},"37":{"start":{"line":135,"column":12},"end":{"line":135,"column":45},"skip":true},"38":{"start":{"line":138,"column":8},"end":{"line":145,"column":14},"skip":true},"39":{"start":{"line":143,"column":16},"end":{"line":143,"column":29},"skip":true},"40":{"start":{"line":144,"column":16},"end":{"line":144,"column":55},"skip":true},"41":{"start":{"line":147,"column":8},"end":{"line":156,"column":10},"skip":true},"42":{"start":{"line":154,"column":12},"end":{"line":154,"column":25},"skip":true},"43":{"start":{"line":155,"column":12},"end":{"line":155,"column":45},"skip":true},"44":{"start":{"line":158,"column":8},"end":{"line":167,"column":10},"skip":true},"45":{"start":{"line":165,"column":12},"end":{"line":165,"column":25},"skip":true},"46":{"start":{"line":166,"column":12},"end":{"line":166,"column":48},"skip":true},"47":{"start":{"line":169,"column":8},"end":{"line":178,"column":10},"skip":true},"48":{"start":{"line":176,"column":12},"end":{"line":176,"column":25},"skip":true},"49":{"start":{"line":177,"column":12},"end":{"line":177,"column":46},"skip":true},"50":{"start":{"line":180,"column":8},"end":{"line":189,"column":10},"skip":true},"51":{"start":{"line":187,"column":12},"end":{"line":187,"column":94},"skip":true},"52":{"start":{"line":188,"column":12},"end":{"line":188,"column":48},"skip":true},"53":{"start":{"line":192,"column":8},"end":{"line":192,"column":35},"skip":true},"54":{"start":{"line":193,"column":8},"end":{"line":193,"column":14},"skip":true}},"branchMap":{"1":{"line":25,"type":"binary-expr","locations":[{"start":{"line":25,"column":23},"end":{"line":25,"column":62}},{"start":{"line":26,"column":20},"end":{"line":26,"column":70}},{"start":{"line":27,"column":20},"end":{"line":27,"column":71}},{"start":{"line":28,"column":20},"end":{"line":28,"column":29}}]},"2":{"line":30,"type":"binary-expr","locations":[{"start":{"line":30,"column":23},"end":{"line":30,"column":37}},{"start":{"line":31,"column":20},"end":{"line":31,"column":61}},{"start":{"line":32,"column":20},"end":{"line":32,"column":70}},{"start":{"line":33,"column":20},"end":{"line":33,"column":26}}]},"3":{"line":37,"type":"cond-expr","locations":[{"start":{"line":38,"column":14},"end":{"line":38,"column":20}},{"start":{"line":39,"column":14},"end":{"line":39,"column":20}}]},"4":{"line":40,"type":"switch","locations":[{"start":{"line":42,"column":8},"end":{"line":47,"column":18}},{"start":{"line":49,"column":8},"end":{"line":52,"column":18}}]},"5":{"line":44,"type":"binary-expr","locations":[{"start":{"line":44,"column":16},"end":{"line":44,"column":44}},{"start":{"line":44,"column":48},"end":{"line":44,"column":66}}]},"6":{"line":50,"type":"binary-expr","locations":[{"start":{"line":50,"column":21},"end":{"line":50,"column":49}},{"start":{"line":50,"column":53},"end":{"line":50,"column":72}}]},"7":{"line":64,"type":"switch","locations":[{"start":{"line":69,"column":4},"end":{"line":70,"column":14}},{"start":{"line":75,"column":4},"end":{"line":76,"column":14}}]},"8":{"line":85,"type":"switch","locations":[{"start":{"line":90,"column":4},"end":{"line":105,"column":14}},{"start":{"line":111,"column":4},"end":{"line":193,"column":14},"skip":true}]},"9":{"line":91,"type":"binary-expr","locations":[{"start":{"line":91,"column":42},"end":{"line":91,"column":73}},{"start":{"line":91,"column":77},"end":{"line":99,"column":9}}]},"10":{"line":102,"type":"binary-expr","locations":[{"start":{"line":102,"column":18},"end":{"line":102,"column":32}},{"start":{"line":103,"column":12},"end":{"line":103,"column":53}},{"start":{"line":104,"column":12},"end":{"line":104,"column":61}}]},"11":{"line":112,"type":"binary-expr","locations":[{"start":{"line":112,"column":45},"end":{"line":112,"column":79},"skip":true},{"start":{"line":112,"column":83},"end":{"line":121,"column":9},"skip":true}]},"12":{"line":123,"type":"binary-expr","locations":[{"start":{"line":123,"column":42},"end":{"line":123,"column":73},"skip":true},{"start":{"line":123,"column":77},"end":{"line":136,"column":9},"skip":true}]},"13":{"line":138,"type":"binary-expr","locations":[{"start":{"line":138,"column":48},"end":{"line":138,"column":85},"skip":true},{"start":{"line":139,"column":12},"end":{"line":145,"column":13},"skip":true}]},"14":{"line":147,"type":"binary-expr","locations":[{"start":{"line":147,"column":42},"end":{"line":147,"column":73},"skip":true},{"start":{"line":147,"column":77},"end":{"line":156,"column":9},"skip":true}]},"15":{"line":158,"type":"binary-expr","locations":[{"start":{"line":158,"column":45},"end":{"line":158,"column":79},"skip":true},{"start":{"line":158,"column":83},"end":{"line":167,"column":9},"skip":true}]},"16":{"line":169,"type":"binary-expr","locations":[{"start":{"line":169,"column":43},"end":{"line":169,"column":75},"skip":true},{"start":{"line":169,"column":79},"end":{"line":178,"column":9},"skip":true}]},"17":{"line":180,"type":"binary-expr","locations":[{"start":{"line":180,"column":41},"end":{"line":180,"column":71},"skip":true},{"start":{"line":180,"column":75},"end":{"line":189,"column":9},"skip":true}]}},"code":["/* istanbul instrument in package npmtest_electron_pdf */","/*jslint","    bitwise: true,","    browser: true,","    maxerr: 8,","    maxlen: 96,","    node: true,","    nomen: true,","    regexp: true,","    stupid: true","*/","(function () {","    'use strict';","    var local;","","","","    // run shared js-env code - pre-init","    (function () {","        // init local","        local = {};","        // init modeJs","        local.modeJs = (function () {","            try {","                return typeof navigator.userAgent === 'string' &&","                    typeof document.querySelector('body') === 'object' &&","                    typeof XMLHttpRequest.prototype.open === 'function' &&","                    'browser';","            } catch (errorCaughtBrowser) {","                return module.exports &&","                    typeof process.versions.node === 'string' &&","                    typeof require('http').createServer === 'function' &&","                    'node';","            }","        }());","        // init global","        local.global = local.modeJs === 'browser'","            ? window","            : global;","        switch (local.modeJs) {","        // re-init local from window.local","        case 'browser':","            local = local.global.utility2.objectSetDefault(","                local.global.utility2_rollup || local.global.local,","                local.global.utility2","            );","            break;","        // re-init local from example.js","        case 'node':","            local = (local.global.utility2_rollup || require('utility2'))","                .requireExampleJsFromReadme();","            break;","        }","        // export local","        local.global.local = local;","    }());","","","","    // run shared js-env code - function","    (function () {","        return;","    }());","    switch (local.modeJs) {","","","","    // run browser js-env code - function","    case 'browser':","        break;","","","","    // run node js-env code - function","    case 'node':","        break;","    }","","","","    // run shared js-env code - post-init","    (function () {","        return;","    }());","    switch (local.modeJs) {","","","","    // run browser js-env code - post-init","    case 'browser':","        local.testCase_browser_nullCase = local.testCase_browser_nullCase || function (","            options,","            onError","        ) {","        /*","         * this function will test browsers's null-case handling-behavior-behavior","         */","            onError(null, options);","        };","","        // run tests","        local.nop(local.modeTest &&","            document.querySelector('#testRunButton1') &&","            document.querySelector('#testRunButton1').click());","        break;","","","","    // run node js-env code - post-init","    /* istanbul ignore next */","    case 'node':","        local.testCase_buildApidoc_default = local.testCase_buildApidoc_default || function (","            options,","            onError","        ) {","        /*","         * this function will test buildApidoc's default handling-behavior-behavior","         */","            options = { modulePathList: module.paths };","            local.buildApidoc(options, onError);","        };","","        local.testCase_buildApp_default = local.testCase_buildApp_default || function (","            options,","            onError","        ) {","        /*","         * this function will test buildApp's default handling-behavior-behavior","         */","            local.testCase_buildReadme_default(options, local.onErrorThrow);","            local.testCase_buildLib_default(options, local.onErrorThrow);","            local.testCase_buildTest_default(options, local.onErrorThrow);","            local.testCase_buildCustomOrg_default(options, local.onErrorThrow);","            options = [];","            local.buildApp(options, onError);","        };","","        local.testCase_buildCustomOrg_default = local.testCase_buildCustomOrg_default ||","            function (options, onError) {","            /*","             * this function will test buildCustomOrg's default handling-behavior","             */","                options = {};","                local.buildCustomOrg(options, onError);","            };","","        local.testCase_buildLib_default = local.testCase_buildLib_default || function (","            options,","            onError","        ) {","        /*","         * this function will test buildLib's default handling-behavior","         */","            options = {};","            local.buildLib(options, onError);","        };","","        local.testCase_buildReadme_default = local.testCase_buildReadme_default || function (","            options,","            onError","        ) {","        /*","         * this function will test buildReadme's default handling-behavior-behavior","         */","            options = {};","            local.buildReadme(options, onError);","        };","","        local.testCase_buildTest_default = local.testCase_buildTest_default || function (","            options,","            onError","        ) {","        /*","         * this function will test buildTest's default handling-behavior","         */","            options = {};","            local.buildTest(options, onError);","        };","","        local.testCase_webpage_default = local.testCase_webpage_default || function (","            options,","            onError","        ) {","        /*","         * this function will test webpage's default handling-behavior","         */","            options = { modeCoverageMerge: true, url: local.serverLocalHost + '?modeTest=1' };","            local.browserTest(options, onError);","        };","","        // run test-server","        local.testRunServer(local);","        break;","    }","}());",""],"l":{"12":2,"14":2,"19":2,"21":2,"23":2,"24":2,"25":2,"30":1,"37":2,"40":2,"43":1,"47":1,"50":1,"52":1,"55":2,"61":2,"62":2,"64":2,"70":1,"76":1,"82":2,"83":2,"85":2,"91":1,"98":1,"102":1,"105":1,"112":1,"119":1,"120":1,"123":1,"130":1,"131":1,"132":1,"133":1,"134":1,"135":1,"138":1,"143":2,"144":2,"147":1,"154":2,"155":2,"158":1,"165":2,"166":2,"169":1,"176":2,"177":2,"180":1,"187":1,"188":1,"192":1,"193":1}},"/home/travis/build/npmtest/node-npmtest-electron-pdf/lib.npmtest_electron_pdf.js":{"path":"/home/travis/build/npmtest/node-npmtest-electron-pdf/lib.npmtest_electron_pdf.js","s":{"1":2,"2":2,"3":2,"4":2,"5":2,"6":2,"7":2,"8":1,"9":2,"10":2,"11":2,"12":2,"13":1,"14":1,"15":1,"16":1},"b":{"1":[2,1,1,1],"2":[1,1,1,1],"3":[1,1],"4":[2,2],"5":[1,1]},"f":{"1":2,"2":2,"3":2},"fnMap":{"1":{"name":"(anonymous_1)","line":12,"loc":{"start":{"line":12,"column":1},"end":{"line":12,"column":13}}},"2":{"name":"(anonymous_2)","line":19,"loc":{"start":{"line":19,"column":5},"end":{"line":19,"column":17}}},"3":{"name":"(anonymous_3)","line":23,"loc":{"start":{"line":23,"column":24},"end":{"line":23,"column":36}}}},"statementMap":{"1":{"start":{"line":12,"column":0},"end":{"line":53,"column":5}},"2":{"start":{"line":14,"column":4},"end":{"line":14,"column":14}},"3":{"start":{"line":19,"column":4},"end":{"line":52,"column":9}},"4":{"start":{"line":21,"column":8},"end":{"line":21,"column":19}},"5":{"start":{"line":23,"column":8},"end":{"line":35,"column":13}},"6":{"start":{"line":24,"column":12},"end":{"line":34,"column":13}},"7":{"start":{"line":25,"column":16},"end":{"line":28,"column":30}},"8":{"start":{"line":30,"column":16},"end":{"line":33,"column":27}},"9":{"start":{"line":37,"column":8},"end":{"line":39,"column":21}},"10":{"start":{"line":41,"column":8},"end":{"line":41,"column":54}},"11":{"start":{"line":43,"column":8},"end":{"line":43,"column":57}},"12":{"start":{"line":45,"column":8},"end":{"line":51,"column":9}},"13":{"start":{"line":46,"column":12},"end":{"line":46,"column":63}},"14":{"start":{"line":48,"column":12},"end":{"line":48,"column":35}},"15":{"start":{"line":49,"column":12},"end":{"line":49,"column":49}},"16":{"start":{"line":50,"column":12},"end":{"line":50,"column":43}}},"branchMap":{"1":{"line":25,"type":"binary-expr","locations":[{"start":{"line":25,"column":23},"end":{"line":25,"column":62}},{"start":{"line":26,"column":20},"end":{"line":26,"column":70}},{"start":{"line":27,"column":20},"end":{"line":27,"column":71}},{"start":{"line":28,"column":20},"end":{"line":28,"column":29}}]},"2":{"line":30,"type":"binary-expr","locations":[{"start":{"line":30,"column":23},"end":{"line":30,"column":37}},{"start":{"line":31,"column":20},"end":{"line":31,"column":61}},{"start":{"line":32,"column":20},"end":{"line":32,"column":70}},{"start":{"line":33,"column":20},"end":{"line":33,"column":26}}]},"3":{"line":37,"type":"cond-expr","locations":[{"start":{"line":38,"column":14},"end":{"line":38,"column":20}},{"start":{"line":39,"column":14},"end":{"line":39,"column":20}}]},"4":{"line":41,"type":"binary-expr","locations":[{"start":{"line":41,"column":16},"end":{"line":41,"column":44}},{"start":{"line":41,"column":48},"end":{"line":41,"column":53}}]},"5":{"line":45,"type":"if","locations":[{"start":{"line":45,"column":8},"end":{"line":45,"column":8}},{"start":{"line":45,"column":8},"end":{"line":45,"column":8}}]}},"code":["/* istanbul instrument in package npmtest_electron_pdf */","/*jslint","    bitwise: true,","    browser: true,","    maxerr: 8,","    maxlen: 96,","    node: true,","    nomen: true,","    regexp: true,","    stupid: true","*/","(function () {","    'use strict';","    var local;","","","","    // run shared js-env code - pre-init","    (function () {","        // init local","        local = {};","        // init modeJs","        local.modeJs = (function () {","            try {","                return typeof navigator.userAgent === 'string' &&","                    typeof document.querySelector('body') === 'object' &&","                    typeof XMLHttpRequest.prototype.open === 'function' &&","                    'browser';","            } catch (errorCaughtBrowser) {","                return module.exports &&","                    typeof process.versions.node === 'string' &&","                    typeof require('http').createServer === 'function' &&","                    'node';","            }","        }());","        // init global","        local.global = local.modeJs === 'browser'","            ? window","            : global;","        // init utility2_rollup","        local = local.global.utility2_rollup || local;","        // init lib","        local.local = local.npmtest_electron_pdf = local;","        // init exports","        if (local.modeJs === 'browser') {","            local.global.utility2_npmtest_electron_pdf = local;","        } else {","            module.exports = local;","            module.exports.__dirname = __dirname;","            module.exports.module = module;","        }","    }());","}());",""],"l":{"12":2,"14":2,"19":2,"21":2,"23":2,"24":2,"25":2,"30":1,"37":2,"41":2,"43":2,"45":2,"46":1,"48":1,"49":1,"50":1}},"/home/travis/build/npmtest/node-npmtest-electron-pdf/example.js":{"path":"/home/travis/build/npmtest/node-npmtest-electron-pdf/example.js","s":{"1":2,"2":2,"3":2,"4":2,"5":2,"6":2,"7":2,"8":1,"9":2,"10":2,"11":2,"12":2,"13":1,"14":2,"15":2,"16":2,"17":2,"18":2,"19":0,"20":2,"21":1,"22":1,"23":1,"24":1,"25":1,"26":0,"27":0,"28":1,"29":1,"30":2,"31":0,"32":0,"33":0,"34":1,"35":2,"36":2,"37":3,"38":3,"39":3,"40":3,"41":0,"42":3,"43":3,"44":3,"45":1,"46":3,"47":1,"48":1,"49":1,"50":1,"51":1,"52":1,"53":1,"54":1,"55":1,"56":1,"57":0,"58":1,"59":6,"60":6,"61":1,"62":2,"63":0,"64":2,"65":1,"66":1,"67":0,"68":0,"69":0,"70":0,"71":0,"72":0,"73":0,"74":0,"75":0,"76":0,"77":0,"78":0,"79":0,"80":0,"81":0,"82":0,"83":0},"b":{"1":[2,1,1,1],"2":[1,1,1,1],"3":[1,1],"4":[2,2],"5":[1,1],"6":[1,1],"7":[2,0],"8":[2,1,1,1,1,1],"9":[0,2,0],"10":[1,1],"11":[2,1,1],"12":[1,0],"13":[0,2],"14":[2,0,0,0,0,0,0],"15":[0,3],"16":[3,0],"17":[1,1],"18":[0,1],"19":[1,2,0,2],"20":[1,0],"21":[1,1],"22":[0,0],"23":[0,0],"24":[0,0],"25":[0,0],"26":[0,0],"27":[0,0],"28":[0,0]},"f":{"1":2,"2":2,"3":2,"4":2,"5":2,"6":2,"7":3,"8":3,"9":3,"10":1,"11":6,"12":0},"fnMap":{"1":{"name":"(anonymous_1)","line":26,"loc":{"start":{"line":26,"column":1},"end":{"line":26,"column":13}}},"2":{"name":"(anonymous_2)","line":33,"loc":{"start":{"line":33,"column":5},"end":{"line":33,"column":17}}},"3":{"name":"(anonymous_3)","line":37,"loc":{"start":{"line":37,"column":24},"end":{"line":37,"column":36}}},"4":{"name":"(anonymous_4)","line":69,"loc":{"start":{"line":69,"column":31},"end":{"line":69,"column":48}},"skip":true},"5":{"name":"(anonymous_5)","line":78,"loc":{"start":{"line":78,"column":26},"end":{"line":78,"column":45}},"skip":true},"6":{"name":"(anonymous_6)","line":123,"loc":{"start":{"line":123,"column":33},"end":{"line":123,"column":48}},"skip":true},"7":{"name":"(anonymous_7)","line":125,"loc":{"start":{"line":125,"column":27},"end":{"line":125,"column":39}},"skip":true},"8":{"name":"(anonymous_8)","line":133,"loc":{"start":{"line":133,"column":59},"end":{"line":133,"column":74}},"skip":true},"9":{"name":"(anonymous_9)","line":143,"loc":{"start":{"line":143,"column":45},"end":{"line":143,"column":62}},"skip":true},"10":{"name":"(anonymous_10)","line":144,"loc":{"start":{"line":144,"column":73},"end":{"line":144,"column":92}},"skip":true},"11":{"name":"(anonymous_11)","line":272,"loc":{"start":{"line":272,"column":51},"end":{"line":272,"column":77}},"skip":true},"12":{"name":"(anonymous_12)","line":314,"loc":{"start":{"line":314,"column":32},"end":{"line":314,"column":61}},"skip":true}},"statementMap":{"1":{"start":{"line":26,"column":0},"end":{"line":325,"column":5}},"2":{"start":{"line":28,"column":4},"end":{"line":28,"column":14}},"3":{"start":{"line":33,"column":4},"end":{"line":60,"column":9}},"4":{"start":{"line":35,"column":8},"end":{"line":35,"column":19}},"5":{"start":{"line":37,"column":8},"end":{"line":49,"column":13}},"6":{"start":{"line":38,"column":12},"end":{"line":48,"column":13}},"7":{"start":{"line":39,"column":16},"end":{"line":42,"column":30}},"8":{"start":{"line":44,"column":16},"end":{"line":47,"column":27}},"9":{"start":{"line":51,"column":8},"end":{"line":53,"column":21}},"10":{"start":{"line":55,"column":8},"end":{"line":57,"column":45}},"11":{"start":{"line":59,"column":8},"end":{"line":59,"column":35}},"12":{"start":{"line":61,"column":4},"end":{"line":324,"column":5}},"13":{"start":{"line":69,"column":8},"end":{"line":121,"column":10},"skip":true},"14":{"start":{"line":70,"column":12},"end":{"line":88,"column":13},"skip":true},"15":{"start":{"line":76,"column":16},"end":{"line":87,"column":19},"skip":true},"16":{"start":{"line":79,"column":20},"end":{"line":86,"column":21},"skip":true},"17":{"start":{"line":82,"column":24},"end":{"line":82,"column":43},"skip":true},"18":{"start":{"line":83,"column":24},"end":{"line":83,"column":30},"skip":true},"19":{"start":{"line":85,"column":24},"end":{"line":85,"column":49},"skip":true},"20":{"start":{"line":89,"column":12},"end":{"line":107,"column":13},"skip":true},"21":{"start":{"line":92,"column":16},"end":{"line":102,"column":17},"skip":true},"22":{"start":{"line":93,"column":20},"end":{"line":93,"column":86},"skip":true},"23":{"start":{"line":94,"column":20},"end":{"line":95,"column":45},"skip":true},"24":{"start":{"line":96,"column":20},"end":{"line":96,"column":42},"skip":true},"25":{"start":{"line":97,"column":20},"end":{"line":97,"column":48},"skip":true},"26":{"start":{"line":100,"column":20},"end":{"line":100,"column":85},"skip":true},"27":{"start":{"line":101,"column":20},"end":{"line":101,"column":96},"skip":true},"28":{"start":{"line":103,"column":16},"end":{"line":103,"column":22},"skip":true},"29":{"start":{"line":106,"column":16},"end":{"line":106,"column":22},"skip":true},"30":{"start":{"line":108,"column":12},"end":{"line":120,"column":13},"skip":true},"31":{"start":{"line":114,"column":16},"end":{"line":119,"column":17},"skip":true},"32":{"start":{"line":116,"column":20},"end":{"line":116,"column":78},"skip":true},"33":{"start":{"line":118,"column":20},"end":{"line":118,"column":47},"skip":true},"34":{"start":{"line":123,"column":8},"end":{"line":141,"column":11},"skip":true},"35":{"start":{"line":124,"column":12},"end":{"line":124,"column":54},"skip":true},"36":{"start":{"line":125,"column":12},"end":{"line":140,"column":14},"skip":true},"37":{"start":{"line":126,"column":16},"end":{"line":126,"column":28},"skip":true},"38":{"start":{"line":127,"column":16},"end":{"line":127,"column":69},"skip":true},"39":{"start":{"line":128,"column":16},"end":{"line":128,"column":75},"skip":true},"40":{"start":{"line":129,"column":16},"end":{"line":131,"column":17},"skip":true},"41":{"start":{"line":130,"column":20},"end":{"line":130,"column":27},"skip":true},"42":{"start":{"line":133,"column":16},"end":{"line":137,"column":36},"skip":true},"43":{"start":{"line":134,"column":20},"end":{"line":136,"column":55},"skip":true},"44":{"start":{"line":139,"column":16},"end":{"line":139,"column":57},"skip":true},"45":{"start":{"line":143,"column":8},"end":{"line":147,"column":11},"skip":true},"46":{"start":{"line":144,"column":12},"end":{"line":146,"column":15},"skip":true},"47":{"start":{"line":145,"column":16},"end":{"line":145,"column":70},"skip":true},"48":{"start":{"line":149,"column":8},"end":{"line":149,"column":31},"skip":true},"49":{"start":{"line":150,"column":8},"end":{"line":150,"column":14},"skip":true},"50":{"start":{"line":158,"column":8},"end":{"line":158,"column":31},"skip":true},"51":{"start":{"line":160,"column":8},"end":{"line":160,"column":33},"skip":true},"52":{"start":{"line":161,"column":8},"end":{"line":161,"column":37},"skip":true},"53":{"start":{"line":162,"column":8},"end":{"line":162,"column":35},"skip":true},"54":{"start":{"line":164,"column":8},"end":{"line":164,"column":50},"skip":true},"55":{"start":{"line":166,"column":8},"end":{"line":256,"column":2},"skip":true},"56":{"start":{"line":258,"column":8},"end":{"line":286,"column":9},"skip":true},"57":{"start":{"line":259,"column":12},"end":{"line":269,"column":14},"skip":true},"58":{"start":{"line":271,"column":12},"end":{"line":285,"column":19},"skip":true},"59":{"start":{"line":274,"column":20},"end":{"line":274,"column":35},"skip":true},"60":{"start":{"line":275,"column":20},"end":{"line":284,"column":21},"skip":true},"61":{"start":{"line":277,"column":24},"end":{"line":277,"column":64},"skip":true},"62":{"start":{"line":279,"column":24},"end":{"line":279,"column":40},"skip":true},"63":{"start":{"line":281,"column":24},"end":{"line":281,"column":40},"skip":true},"64":{"start":{"line":283,"column":24},"end":{"line":283,"column":39},"skip":true},"65":{"start":{"line":288,"column":8},"end":{"line":290,"column":9},"skip":true},"66":{"start":{"line":289,"column":12},"end":{"line":289,"column":18},"skip":true},"67":{"start":{"line":291,"column":8},"end":{"line":293,"column":54},"skip":true},"68":{"start":{"line":294,"column":8},"end":{"line":301,"column":37},"skip":true},"69":{"start":{"line":302,"column":8},"end":{"line":302,"column":82},"skip":true},"70":{"start":{"line":305,"column":8},"end":{"line":307,"column":9},"skip":true},"71":{"start":{"line":306,"column":12},"end":{"line":306,"column":82},"skip":true},"72":{"start":{"line":309,"column":8},"end":{"line":311,"column":9},"skip":true},"73":{"start":{"line":310,"column":12},"end":{"line":310,"column":18},"skip":true},"74":{"start":{"line":312,"column":8},"end":{"line":312,"column":54},"skip":true},"75":{"start":{"line":313,"column":8},"end":{"line":313,"column":69},"skip":true},"76":{"start":{"line":314,"column":8},"end":{"line":322,"column":36},"skip":true},"77":{"start":{"line":315,"column":12},"end":{"line":315,"column":61},"skip":true},"78":{"start":{"line":316,"column":12},"end":{"line":319,"column":13},"skip":true},"79":{"start":{"line":317,"column":16},"end":{"line":317,"column":75},"skip":true},"80":{"start":{"line":318,"column":16},"end":{"line":318,"column":23},"skip":true},"81":{"start":{"line":320,"column":12},"end":{"line":320,"column":38},"skip":true},"82":{"start":{"line":321,"column":12},"end":{"line":321,"column":27},"skip":true},"83":{"start":{"line":323,"column":8},"end":{"line":323,"column":14},"skip":true}},"branchMap":{"1":{"line":39,"type":"binary-expr","locations":[{"start":{"line":39,"column":23},"end":{"line":39,"column":62}},{"start":{"line":40,"column":20},"end":{"line":40,"column":70}},{"start":{"line":41,"column":20},"end":{"line":41,"column":71}},{"start":{"line":42,"column":20},"end":{"line":42,"column":29}}]},"2":{"line":44,"type":"binary-expr","locations":[{"start":{"line":44,"column":23},"end":{"line":44,"column":37}},{"start":{"line":45,"column":20},"end":{"line":45,"column":61}},{"start":{"line":46,"column":20},"end":{"line":46,"column":70}},{"start":{"line":47,"column":20},"end":{"line":47,"column":26}}]},"3":{"line":51,"type":"cond-expr","locations":[{"start":{"line":52,"column":14},"end":{"line":52,"column":20}},{"start":{"line":53,"column":14},"end":{"line":53,"column":20}}]},"4":{"line":55,"type":"binary-expr","locations":[{"start":{"line":55,"column":16},"end":{"line":55,"column":44}},{"start":{"line":55,"column":49},"end":{"line":57,"column":43}}]},"5":{"line":55,"type":"cond-expr","locations":[{"start":{"line":56,"column":14},"end":{"line":56,"column":56}},{"start":{"line":57,"column":14},"end":{"line":57,"column":43}}]},"6":{"line":61,"type":"switch","locations":[{"start":{"line":68,"column":4},"end":{"line":150,"column":14},"skip":true},{"start":{"line":156,"column":4},"end":{"line":323,"column":14},"skip":true}]},"7":{"line":70,"type":"if","locations":[{"start":{"line":70,"column":12},"end":{"line":70,"column":12},"skip":true},{"start":{"line":70,"column":12},"end":{"line":70,"column":12},"skip":true}]},"8":{"line":70,"type":"binary-expr","locations":[{"start":{"line":70,"column":16},"end":{"line":70,"column":22},"skip":true},{"start":{"line":70,"column":27},"end":{"line":70,"column":32},"skip":true},{"start":{"line":71,"column":20},"end":{"line":71,"column":39},"skip":true},{"start":{"line":72,"column":20},"end":{"line":72,"column":49},"skip":true},{"start":{"line":73,"column":20},"end":{"line":73,"column":58},"skip":true},{"start":{"line":74,"column":20},"end":{"line":74,"column":69},"skip":true}]},"9":{"line":79,"type":"switch","locations":[{"start":{"line":80,"column":20},"end":{"line":80,"column":33},"skip":true},{"start":{"line":81,"column":20},"end":{"line":83,"column":30},"skip":true},{"start":{"line":84,"column":20},"end":{"line":85,"column":49},"skip":true}]},"10":{"line":89,"type":"switch","locations":[{"start":{"line":90,"column":12},"end":{"line":103,"column":22},"skip":true},{"start":{"line":105,"column":12},"end":{"line":106,"column":22},"skip":true}]},"11":{"line":89,"type":"binary-expr","locations":[{"start":{"line":89,"column":20},"end":{"line":89,"column":25},"skip":true},{"start":{"line":89,"column":29},"end":{"line":89,"column":48},"skip":true},{"start":{"line":89,"column":52},"end":{"line":89,"column":74},"skip":true}]},"12":{"line":92,"type":"if","locations":[{"start":{"line":92,"column":16},"end":{"line":92,"column":16},"skip":true},{"start":{"line":92,"column":16},"end":{"line":92,"column":16},"skip":true}]},"13":{"line":108,"type":"if","locations":[{"start":{"line":108,"column":12},"end":{"line":108,"column":12},"skip":true},{"start":{"line":108,"column":12},"end":{"line":108,"column":12},"skip":true}]},"14":{"line":108,"type":"binary-expr","locations":[{"start":{"line":108,"column":16},"end":{"line":108,"column":61},"skip":true},{"start":{"line":108,"column":66},"end":{"line":108,"column":72},"skip":true},{"start":{"line":108,"column":77},"end":{"line":108,"column":82},"skip":true},{"start":{"line":109,"column":20},"end":{"line":109,"column":39},"skip":true},{"start":{"line":110,"column":20},"end":{"line":110,"column":49},"skip":true},{"start":{"line":111,"column":20},"end":{"line":111,"column":58},"skip":true},{"start":{"line":112,"column":20},"end":{"line":112,"column":68},"skip":true}]},"15":{"line":129,"type":"if","locations":[{"start":{"line":129,"column":16},"end":{"line":129,"column":16},"skip":true},{"start":{"line":129,"column":16},"end":{"line":129,"column":16},"skip":true}]},"16":{"line":134,"type":"cond-expr","locations":[{"start":{"line":135,"column":26},"end":{"line":135,"column":29},"skip":true},{"start":{"line":136,"column":26},"end":{"line":136,"column":54},"skip":true}]},"17":{"line":164,"type":"binary-expr","locations":[{"start":{"line":164,"column":27},"end":{"line":164,"column":43},"skip":true},{"start":{"line":164,"column":47},"end":{"line":164,"column":49},"skip":true}]},"18":{"line":258,"type":"if","locations":[{"start":{"line":258,"column":8},"end":{"line":258,"column":8},"skip":true},{"start":{"line":258,"column":8},"end":{"line":258,"column":8},"skip":true}]},"19":{"line":275,"type":"switch","locations":[{"start":{"line":276,"column":20},"end":{"line":277,"column":64},"skip":true},{"start":{"line":278,"column":20},"end":{"line":279,"column":40},"skip":true},{"start":{"line":280,"column":20},"end":{"line":281,"column":40},"skip":true},{"start":{"line":282,"column":20},"end":{"line":283,"column":39},"skip":true}]},"20":{"line":288,"type":"if","locations":[{"start":{"line":288,"column":8},"end":{"line":288,"column":8},"skip":true},{"start":{"line":288,"column":8},"end":{"line":288,"column":8},"skip":true}]},"21":{"line":288,"type":"binary-expr","locations":[{"start":{"line":288,"column":12},"end":{"line":288,"column":40},"skip":true},{"start":{"line":288,"column":44},"end":{"line":288,"column":67},"skip":true}]},"22":{"line":292,"type":"binary-expr","locations":[{"start":{"line":292,"column":12},"end":{"line":292,"column":50},"skip":true},{"start":{"line":293,"column":12},"end":{"line":293,"column":53},"skip":true}]},"23":{"line":295,"type":"binary-expr","locations":[{"start":{"line":295,"column":12},"end":{"line":295,"column":70},"skip":true},{"start":{"line":296,"column":12},"end":{"line":301,"column":36},"skip":true}]},"24":{"line":302,"type":"binary-expr","locations":[{"start":{"line":302,"column":43},"end":{"line":302,"column":75},"skip":true},{"start":{"line":302,"column":79},"end":{"line":302,"column":81},"skip":true}]},"25":{"line":305,"type":"if","locations":[{"start":{"line":305,"column":8},"end":{"line":305,"column":8},"skip":true},{"start":{"line":305,"column":8},"end":{"line":305,"column":8},"skip":true}]},"26":{"line":309,"type":"if","locations":[{"start":{"line":309,"column":8},"end":{"line":309,"column":8},"skip":true},{"start":{"line":309,"column":8},"end":{"line":309,"column":8},"skip":true}]},"27":{"line":312,"type":"binary-expr","locations":[{"start":{"line":312,"column":27},"end":{"line":312,"column":43},"skip":true},{"start":{"line":312,"column":47},"end":{"line":312,"column":53},"skip":true}]},"28":{"line":316,"type":"if","locations":[{"start":{"line":316,"column":12},"end":{"line":316,"column":12},"skip":true},{"start":{"line":316,"column":12},"end":{"line":316,"column":12},"skip":true}]}},"code":["/*","example.js","","quickstart example","","instruction","    1. save this script as example.js","    2. run the shell command:","        $ npm install npmtest-electron-pdf && PORT=8081 node example.js","    3. play with the browser-demo on http://127.0.0.1:8081","*/","","","","/* istanbul instrument in package npmtest_electron_pdf */","/*jslint","    bitwise: true,","    browser: true,","    maxerr: 8,","    maxlen: 96,","    node: true,","    nomen: true,","    regexp: true,","    stupid: true","*/","(function () {","    'use strict';","    var local;","","","","    // run shared js-env code - pre-init","    (function () {","        // init local","        local = {};","        // init modeJs","        local.modeJs = (function () {","            try {","                return typeof navigator.userAgent === 'string' &&","                    typeof document.querySelector('body') === 'object' &&","                    typeof XMLHttpRequest.prototype.open === 'function' &&","                    'browser';","            } catch (errorCaughtBrowser) {","                return module.exports &&","                    typeof process.versions.node === 'string' &&","                    typeof require('http').createServer === 'function' &&","                    'node';","            }","        }());","        // init global","        local.global = local.modeJs === 'browser'","            ? window","            : global;","        // init utility2_rollup","        local = local.global.utility2_rollup || (local.modeJs === 'browser'","            ? local.global.utility2_npmtest_electron_pdf","            : global.utility2_moduleExports);","        // export local","        local.global.local = local;","    }());","    switch (local.modeJs) {","","","","    // post-init","    // run browser js-env code - post-init","    /* istanbul ignore next */","    case 'browser':","        local.testRunBrowser = function (event) {","            if (!event || (event &&","                    event.currentTarget &&","                    event.currentTarget.className &&","                    event.currentTarget.className.includes &&","                    event.currentTarget.className.includes('onreset'))) {","                // reset output","                Array.from(","                    document.querySelectorAll('body > .resettable')","                ).forEach(function (element) {","                    switch (element.tagName) {","                    case 'INPUT':","                    case 'TEXTAREA':","                        element.value = '';","                        break;","                    default:","                        element.textContent = '';","                    }","                });","            }","            switch (event && event.currentTarget && event.currentTarget.id) {","            case 'testRunButton1':","                // show tests","                if (document.querySelector('#testReportDiv1').style.display === 'none') {","                    document.querySelector('#testReportDiv1').style.display = 'block';","                    document.querySelector('#testRunButton1').textContent =","                        'hide internal test';","                    local.modeTest = true;","                    local.testRunDefault(local);","                // hide tests","                } else {","                    document.querySelector('#testReportDiv1').style.display = 'none';","                    document.querySelector('#testRunButton1').textContent = 'run internal test';","                }","                break;","            // custom-case","            default:","                break;","            }","            if (document.querySelector('#inputTextareaEval1') && (!event || (event &&","                    event.currentTarget &&","                    event.currentTarget.className &&","                    event.currentTarget.className.includes &&","                    event.currentTarget.className.includes('oneval')))) {","                // try to eval input-code","                try {","                    /*jslint evil: true*/","                    eval(document.querySelector('#inputTextareaEval1').value);","                } catch (errorCaught) {","                    console.error(errorCaught);","                }","            }","        };","        // log stderr and stdout to #outputTextareaStdout1","        ['error', 'log'].forEach(function (key) {","            console[key + '_original'] = console[key];","            console[key] = function () {","                var element;","                console[key + '_original'].apply(console, arguments);","                element = document.querySelector('#outputTextareaStdout1');","                if (!element) {","                    return;","                }","                // append text to #outputTextareaStdout1","                element.value += Array.from(arguments).map(function (arg) {","                    return typeof arg === 'string'","                        ? arg","                        : JSON.stringify(arg, null, 4);","                }).join(' ') + '\\n';","                // scroll textarea to bottom","                element.scrollTop = element.scrollHeight;","            };","        });","        // init event-handling","        ['change', 'click', 'keyup'].forEach(function (event) {","            Array.from(document.querySelectorAll('.on' + event)).forEach(function (element) {","                element.addEventListener(event, local.testRunBrowser);","            });","        });","        // run tests","        local.testRunBrowser();","        break;","","","","    // run node js-env code - post-init","    /* istanbul ignore next */","    case 'node':","        // export local","        module.exports = local;","        // require modules","        local.fs = require('fs');","        local.http = require('http');","        local.url = require('url');","        // init assets","        local.assetsDict = local.assetsDict || {};","        /* jslint-ignore-begin */","        local.assetsDict['/assets.index.template.html'] = '\\","<!doctype html>\\n\\","<html lang=\"en\">\\n\\","<head>\\n\\","<meta charset=\"UTF-8\">\\n\\","<meta name=\"viewport\" content=\"width=device-width, initial-scale=1\">\\n\\","<title>{{env.npm_package_name}} (v{{env.npm_package_version}})</title>\\n\\","<style>\\n\\","/*csslint\\n\\","    box-sizing: false,\\n\\","    universal-selector: false\\n\\","*/\\n\\","* {\\n\\","    box-sizing: border-box;\\n\\","}\\n\\","body {\\n\\","    background: #dde;\\n\\","    font-family: Arial, Helvetica, sans-serif;\\n\\","    margin: 2rem;\\n\\","}\\n\\","body > * {\\n\\","    margin-bottom: 1rem;\\n\\","}\\n\\",".utility2FooterDiv {\\n\\","    margin-top: 20px;\\n\\","    text-align: center;\\n\\","}\\n\\","</style>\\n\\","<style>\\n\\","/*csslint\\n\\","*/\\n\\","textarea {\\n\\","    font-family: monospace;\\n\\","    height: 10rem;\\n\\","    width: 100%;\\n\\","}\\n\\","textarea[readonly] {\\n\\","    background: #ddd;\\n\\","}\\n\\","</style>\\n\\","</head>\\n\\","<body>\\n\\","<!-- utility2-comment\\n\\","<div id=\"ajaxProgressDiv1\" style=\"background: #d00; height: 2px; left: 0; margin: 0; padding: 0; position: fixed; top: 0; transition: background 0.5s, width 1.5s; width: 25%;\"></div>\\n\\","utility2-comment -->\\n\\","<h1>\\n\\","<!-- utility2-comment\\n\\","    <a\\n\\","        {{#if env.npm_package_homepage}}\\n\\","        href=\"{{env.npm_package_homepage}}\"\\n\\","        {{/if env.npm_package_homepage}}\\n\\","        target=\"_blank\"\\n\\","    >\\n\\","utility2-comment -->\\n\\","        {{env.npm_package_name}} (v{{env.npm_package_version}})\\n\\","<!-- utility2-comment\\n\\","    </a>\\n\\","utility2-comment -->\\n\\","</h1>\\n\\","<h3>{{env.npm_package_description}}</h3>\\n\\","<!-- utility2-comment\\n\\","<h4><a download href=\"assets.app.js\">download standalone app</a></h4>\\n\\","<button class=\"onclick onreset\" id=\"testRunButton1\">run internal test</button><br>\\n\\","<div id=\"testReportDiv1\" style=\"display: none;\"></div>\\n\\","utility2-comment -->\\n\\","\\n\\","\\n\\","\\n\\","<label>stderr and stdout</label>\\n\\","<textarea class=\"resettable\" id=\"outputTextareaStdout1\" readonly></textarea>\\n\\","<!-- utility2-comment\\n\\","{{#if isRollup}}\\n\\","<script src=\"assets.app.js\"></script>\\n\\","{{#unless isRollup}}\\n\\","utility2-comment -->\\n\\","<script src=\"assets.utility2.rollup.js\"></script>\\n\\","<script src=\"jsonp.utility2._stateInit?callback=window.utility2._stateInit\"></script>\\n\\","<script src=\"assets.npmtest_electron_pdf.rollup.js\"></script>\\n\\","<script src=\"assets.example.js\"></script>\\n\\","<script src=\"assets.test.js\"></script>\\n\\","<!-- utility2-comment\\n\\","{{/if isRollup}}\\n\\","utility2-comment -->\\n\\","<div class=\"utility2FooterDiv\">\\n\\","    [ this app was created with\\n\\","    <a href=\"https://github.com/kaizhu256/node-utility2\" target=\"_blank\">utility2</a>\\n\\","    ]\\n\\","</div>\\n\\","</body>\\n\\","</html>\\n\\","';","        /* jslint-ignore-end */","        if (local.templateRender) {","            local.assetsDict['/'] = local.templateRender(","                local.assetsDict['/assets.index.template.html'],","                {","                    env: local.objectSetDefault(local.env, {","                        npm_package_description: 'the greatest app in the world!',","                        npm_package_name: 'my-app',","                        npm_package_nameAlias: 'my_app',","                        npm_package_version: '0.0.1'","                    })","                }","            );","        } else {","            local.assetsDict['/'] = local.assetsDict['/assets.index.template.html']","                .replace((/\\{\\{env\\.(\\w+?)\\}\\}/g), function (match0, match1) {","                    // jslint-hack","                    String(match0);","                    switch (match1) {","                    case 'npm_package_description':","                        return 'the greatest app in the world!';","                    case 'npm_package_name':","                        return 'my-app';","                    case 'npm_package_nameAlias':","                        return 'my_app';","                    case 'npm_package_version':","                        return '0.0.1';","                    }","                });","        }","        // run the cli","        if (local.global.utility2_rollup || module !== require.main) {","            break;","        }","        local.assetsDict['/assets.example.js'] =","            local.assetsDict['/assets.example.js'] ||","            local.fs.readFileSync(__filename, 'utf8');","        local.assetsDict['/assets.npmtest_electron_pdf.rollup.js'] =","            local.assetsDict['/assets.npmtest_electron_pdf.rollup.js'] ||","            local.fs.readFileSync(","                // buildCustomOrg-hack","                local.npmtest_electron_pdf.__dirname +","                    '/lib.npmtest_electron_pdf.js',","                'utf8'","            ).replace((/^#!/), '//');","        local.assetsDict['/favicon.ico'] = local.assetsDict['/favicon.ico'] || '';","        // if $npm_config_timeout_exit exists,","        // then exit this process after $npm_config_timeout_exit ms","        if (Number(process.env.npm_config_timeout_exit)) {","            setTimeout(process.exit, Number(process.env.npm_config_timeout_exit));","        }","        // start server","        if (local.global.utility2_serverHttp1) {","            break;","        }","        process.env.PORT = process.env.PORT || '8081';","        console.error('server starting on port ' + process.env.PORT);","        local.http.createServer(function (request, response) {","            request.urlParsed = local.url.parse(request.url);","            if (local.assetsDict[request.urlParsed.pathname] !== undefined) {","                response.end(local.assetsDict[request.urlParsed.pathname]);","                return;","            }","            response.statusCode = 404;","            response.end();","        }).listen(process.env.PORT);","        break;","    }","}());",""],"l":{"26":2,"28":2,"33":2,"35":2,"37":2,"38":2,"39":2,"44":1,"51":2,"55":2,"59":2,"61":2,"69":1,"70":2,"76":2,"79":2,"82":2,"83":2,"85":1,"89":2,"92":1,"93":1,"94":1,"96":1,"97":1,"100":1,"101":1,"103":1,"106":1,"108":2,"114":1,"116":1,"118":1,"123":1,"124":2,"125":2,"126":3,"127":3,"128":3,"129":3,"130":1,"133":3,"134":3,"139":3,"143":1,"144":3,"145":1,"149":1,"150":1,"158":1,"160":1,"161":1,"162":1,"164":1,"166":1,"258":1,"259":1,"271":1,"274":6,"275":6,"277":1,"279":2,"281":1,"283":2,"288":1,"289":1,"291":1,"294":1,"302":1,"305":1,"306":1,"309":1,"310":1,"312":1,"313":1,"314":1,"315":1,"316":1,"317":1,"318":1,"320":1,"321":1,"323":1}},"/home/travis/build/npmtest/node-npmtest-electron-pdf/node_modules/electron-pdf/lib/index.js":{"path":"/home/travis/build/npmtest/node-npmtest-electron-pdf/node_modules/electron-pdf/lib/index.js","s":{"1":1,"2":1,"3":1,"4":1,"5":1,"6":1,"7":1,"8":1,"9":1,"10":0,"11":0,"12":0,"13":0,"14":0,"15":0,"16":0,"17":0,"18":0,"19":0,"20":0,"21":0,"22":0,"23":0,"24":0,"25":0,"26":0,"27":0,"28":0,"29":0,"30":0,"31":0,"32":0,"33":0,"34":0,"35":0,"36":1},"b":{"1":[0,0],"2":[0,0],"3":[0,0],"4":[0,0],"5":[0,0],"6":[0,0]},"f":{"1":0,"2":0,"3":0,"4":0,"5":0},"fnMap":{"1":{"name":"(anonymous_1)","line":32,"loc":{"start":{"line":32,"column":14},"end":{"line":32,"column":21}}},"2":{"name":"(anonymous_2)","line":44,"loc":{"start":{"line":44,"column":8},"end":{"line":44,"column":11}}},"3":{"name":"(anonymous_3)","line":57,"loc":{"start":{"line":57,"column":40},"end":{"line":57,"column":52}}},"4":{"name":"(anonymous_4)","line":78,"loc":{"start":{"line":78,"column":7},"end":{"line":78,"column":10}}},"5":{"name":"(anonymous_5)","line":94,"loc":{"start":{"line":94,"column":12},"end":{"line":94,"column":43}}}},"statementMap":{"1":{"start":{"line":3,"column":0},"end":{"line":3,"column":59}},"2":{"start":{"line":5,"column":0},"end":{"line":5,"column":36}},"3":{"start":{"line":6,"column":0},"end":{"line":6,"column":36}},"4":{"start":{"line":8,"column":0},"end":{"line":8,"column":39}},"5":{"start":{"line":9,"column":0},"end":{"line":9,"column":41}},"6":{"start":{"line":11,"column":0},"end":{"line":11,"column":40}},"7":{"start":{"line":12,"column":0},"end":{"line":12,"column":34}},"8":{"start":{"line":13,"column":0},"end":{"line":13,"column":27}},"9":{"start":{"line":15,"column":0},"end":{"line":15,"column":15}},"10":{"start":{"line":33,"column":4},"end":{"line":33,"column":11}},"11":{"start":{"line":34,"column":4},"end":{"line":34,"column":29}},"12":{"start":{"line":35,"column":4},"end":{"line":35,"column":55}},"13":{"start":{"line":36,"column":4},"end":{"line":36,"column":35}},"14":{"start":{"line":45,"column":4},"end":{"line":45,"column":30}},"15":{"start":{"line":47,"column":4},"end":{"line":55,"column":6}},"16":{"start":{"line":48,"column":6},"end":{"line":48,"column":25}},"17":{"start":{"line":54,"column":6},"end":{"line":54,"column":26}},"18":{"start":{"line":57,"column":4},"end":{"line":61,"column":6}},"19":{"start":{"line":58,"column":6},"end":{"line":60,"column":7}},"20":{"start":{"line":64,"column":4},"end":{"line":64,"column":54}},"21":{"start":{"line":64,"column":31},"end":{"line":64,"column":53}},"22":{"start":{"line":67,"column":4},"end":{"line":75,"column":6}},"23":{"start":{"line":68,"column":6},"end":{"line":74,"column":7}},"24":{"start":{"line":69,"column":8},"end":{"line":71,"column":47}},"25":{"start":{"line":73,"column":8},"end":{"line":73,"column":17}},"26":{"start":{"line":79,"column":4},"end":{"line":79,"column":35}},"27":{"start":{"line":80,"column":4},"end":{"line":80,"column":22}},"28":{"start":{"line":95,"column":4},"end":{"line":98,"column":5}},"29":{"start":{"line":96,"column":6},"end":{"line":96,"column":115}},"30":{"start":{"line":97,"column":6},"end":{"line":97,"column":15}},"31":{"start":{"line":101,"column":4},"end":{"line":103,"column":5}},"32":{"start":{"line":102,"column":6},"end":{"line":102,"column":39}},"33":{"start":{"line":105,"column":4},"end":{"line":109,"column":6}},"34":{"start":{"line":106,"column":6},"end":{"line":108,"column":8}},"35":{"start":{"line":107,"column":8},"end":{"line":107,"column":62}},"36":{"start":{"line":114,"column":0},"end":{"line":114,"column":28}}},"branchMap":{"1":{"line":34,"type":"binary-expr","locations":[{"start":{"line":34,"column":19},"end":{"line":34,"column":23}},{"start":{"line":34,"column":27},"end":{"line":34,"column":29}}]},"2":{"line":35,"type":"binary-expr","locations":[{"start":{"line":35,"column":24},"end":{"line":35,"column":46}},{"start":{"line":35,"column":50},"end":{"line":35,"column":55}}]},"3":{"line":58,"type":"if","locations":[{"start":{"line":58,"column":6},"end":{"line":58,"column":6}},{"start":{"line":58,"column":6},"end":{"line":58,"column":6}}]},"4":{"line":68,"type":"if","locations":[{"start":{"line":68,"column":6},"end":{"line":68,"column":6}},{"start":{"line":68,"column":6},"end":{"line":68,"column":6}}]},"5":{"line":95,"type":"if","locations":[{"start":{"line":95,"column":4},"end":{"line":95,"column":4}},{"start":{"line":95,"column":4},"end":{"line":95,"column":4}}]},"6":{"line":101,"type":"if","locations":[{"start":{"line":101,"column":4},"end":{"line":101,"column":4}},{"start":{"line":101,"column":4},"end":{"line":101,"column":4}}]}},"code":["'use strict'","","const EventEmitter = require('eventemitter2').EventEmitter2","","const electron = require('electron')","const minimist = require('minimist')","","const argOptions = require('./options')","const setLogger = require('./logger').set","","const ExportJob = require('./exportJob')","const Source = require('./source')","const source = new Source()","","let electronApp","","/**"," * Runs an Electron application used to export HTML to PDF Documents"," */","class PDFExporter extends EventEmitter {","","  // ------------------------------------------------------------------","  // ------------------ Public API ------------------------------------","  // ------------------------------------------------------------------","  /**","   * @constructor","   * @param opts","   * @param {boolean} [opts.resilient=false] set to true to catch and","   * log all uncaught exception but leave things running","   * @param {object} [opts.loggers] Allows client to use its own logging implementation","   */","  constructor (opts) {","    super()","    this.options = opts || {}","    this.reslientMode = this.options.resilient || false","    setLogger(this.options.loggers)","  }","","  /**","   * Starts the electron app","   *","   * @fires PDFExporter#charged","   */","  start () {","    electronApp = electron.app","","    electronApp.once('ready', () => {","      this.isReady = true","","      /**","       * emitted when the application is ready to process exports","       * @event PDFExporter#charged","       */","      this.emit('charged')","    })","","    electronApp.on('window-all-closed', function () {","      if (process.platform !== 'darwin') {","        // electronApp.quit()","      }","    })","","    // Stop Electron on SIG*","    process.on('exit', code => electronApp.exit(code))","","    // Passthrough error handler to silence Electron GUI prompt","    process.on('uncaughtException', err => {","      if (this.reslientMode) {","        console.log('Something unexpectedly bad happened ' +","          '(but electron-pdf was initialized in resilient mode ' +","          'and will remain operational):', err)","      } else {","        throw err","      }","    })","  }","","  stop () {","    console.log('Shutting down...')","    electronApp.quit()","  }","","  /**","   * Load one or more HTML pages inside of a new window which is closed","   * as soon as the PDFs are rendered.","   *","   * @param input {String} URL for filepath","   * @param output {String} Filename","   * @param args {array|Object} command line args - Can be an array of any","   *   supported args, or an object that is the result of running minimist.","   * @param options {Object} export args - see ExportJob for list of options.","   * These are options only supported by the API and not by the CLI","   */","  createJob (input, output, args, options) {","    if (!this.isReady) {","      const msg = 'Electron is not ready, make sure to register an event listener for \"charged\" and invoke start()'","      throw msg","    }","","    // charge.js interprets the args, but this method should also support raw args","    if (args instanceof Array) {","      args = minimist(args, argOptions)","    }","","    return new Promise((resolve, reject) => {","      source.resolve(input, args).then(sources => {","        resolve(new ExportJob(sources, output, args, options))","      })","    })","  }","","}","","module.exports = PDFExporter",""],"l":{"3":1,"5":1,"6":1,"8":1,"9":1,"11":1,"12":1,"13":1,"15":1,"33":0,"34":0,"35":0,"36":0,"45":0,"47":0,"48":0,"54":0,"57":0,"58":0,"64":0,"67":0,"68":0,"69":0,"73":0,"79":0,"80":0,"95":0,"96":0,"97":0,"101":0,"102":0,"105":0,"106":0,"107":0,"114":1}},"/home/travis/build/npmtest/node-npmtest-electron-pdf/node_modules/electron-pdf/node_modules/electron/index.js":{"path":"/home/travis/build/npmtest/node-npmtest-electron-pdf/node_modules/electron-pdf/node_modules/electron/index.js","s":{"1":1,"2":1,"3":1,"4":1,"5":1,"6":0},"b":{"1":[1,0]},"f":{},"fnMap":{},"statementMap":{"1":{"start":{"line":1,"column":0},"end":{"line":1,"column":22}},"2":{"start":{"line":2,"column":0},"end":{"line":2,"column":26}},"3":{"start":{"line":4,"column":0},"end":{"line":4,"column":47}},"4":{"start":{"line":6,"column":0},"end":{"line":10,"column":1}},"5":{"start":{"line":7,"column":2},"end":{"line":7,"column":75}},"6":{"start":{"line":9,"column":2},"end":{"line":9,"column":143}}},"branchMap":{"1":{"line":6,"type":"if","locations":[{"start":{"line":6,"column":0},"end":{"line":6,"column":0}},{"start":{"line":6,"column":0},"end":{"line":6,"column":0}}]}},"code":["var fs = require('fs')","var path = require('path')","","var pathFile = path.join(__dirname, 'path.txt')","","if (fs.existsSync(pathFile)) {","  module.exports = path.join(__dirname, fs.readFileSync(pathFile, 'utf-8'))","} else {","  throw new Error('Electron failed to install correctly, please delete node_modules/' + path.basename(__dirname) + ' and try installing again')","}",""],"l":{"1":1,"2":1,"4":1,"6":1,"7":1,"9":0}},"/home/travis/build/npmtest/node-npmtest-electron-pdf/node_modules/electron-pdf/lib/options.js":{"path":"/home/travis/build/npmtest/node-npmtest-electron-pdf/node_modules/electron-pdf/lib/options.js","s":{"1":1,"2":1},"b":{},"f":{},"fnMap":{},"statementMap":{"1":{"start":{"line":4,"column":0},"end":{"line":34,"column":1}},"2":{"start":{"line":36,"column":0},"end":{"line":36,"column":24}}},"branchMap":{},"code":["","//  TODO: Generate Usage Doc from argv options","","var options = {","  booleans: ['printBackground', 'landscape', 'printSelectionOnly', 'waitForJSEvent'],","  alias: {","    'input': 'i',","    'output': 'o',","","    'browserConfig': [],","    'cookie': ['cookies'],","    'css': 'c',","    'disableCache': 'd',","    'help': 'h',","    'landscape': 'l',","    'marginsType': ['m', 'marginType'],","    'orientation': ['o', 'orientations'],","    'outputWait': 'w',","    'pageSize': 'p',","    'printBackground': 'b',","    'printSelectionOnly': 's',","    'version': 'v',","    'waitForJSEvent': 'e'","  },","  default: {","    'landscape': false,","    'marginsType': 1,","    'outputWait': 0,","    'pageSize': 'A4',","    'printBackground': true,","    'printSelectionOnly': false,","    'waitForJSEvent': false","  }","}","","module.exports = options",""],"l":{"4":1,"36":1}},"/home/travis/build/npmtest/node-npmtest-electron-pdf/node_modules/electron-pdf/lib/logger.js":{"path":"/home/travis/build/npmtest/node-npmtest-electron-pdf/node_modules/electron-pdf/lib/logger.js","s":{"1":1,"2":1,"3":1,"4":1,"5":1,"6":1,"7":1,"8":0,"9":0,"10":0,"11":0,"12":1,"13":0,"14":1,"15":0,"16":1,"17":0,"18":1,"19":1,"20":1,"21":1,"22":1},"b":{"1":[0,0],"2":[0,0],"3":[0,0],"4":[0,0]},"f":{"1":0,"2":0,"3":0,"4":0},"fnMap":{"1":{"name":"set","line":31,"loc":{"start":{"line":31,"column":0},"end":{"line":31,"column":25}}},"2":{"name":"error","line":39,"loc":{"start":{"line":39,"column":0},"end":{"line":39,"column":18}}},"3":{"name":"info","line":43,"loc":{"start":{"line":43,"column":0},"end":{"line":43,"column":17}}},"4":{"name":"debug","line":47,"loc":{"start":{"line":47,"column":0},"end":{"line":47,"column":18}}}},"statementMap":{"1":{"start":{"line":1,"column":0},"end":{"line":1,"column":33}},"2":{"start":{"line":2,"column":0},"end":{"line":2,"column":50}},"3":{"start":{"line":3,"column":0},"end":{"line":3,"column":48}},"4":{"start":{"line":4,"column":0},"end":{"line":4,"column":50}},"5":{"start":{"line":7,"column":0},"end":{"line":11,"column":1}},"6":{"start":{"line":13,"column":0},"end":{"line":17,"column":1}},"7":{"start":{"line":31,"column":0},"end":{"line":37,"column":1}},"8":{"start":{"line":32,"column":2},"end":{"line":36,"column":3}},"9":{"start":{"line":33,"column":4},"end":{"line":33,"column":68}},"10":{"start":{"line":34,"column":4},"end":{"line":34,"column":65}},"11":{"start":{"line":35,"column":4},"end":{"line":35,"column":68}},"12":{"start":{"line":39,"column":0},"end":{"line":41,"column":1}},"13":{"start":{"line":40,"column":2},"end":{"line":40,"column":37}},"14":{"start":{"line":43,"column":0},"end":{"line":45,"column":1}},"15":{"start":{"line":44,"column":2},"end":{"line":44,"column":36}},"16":{"start":{"line":47,"column":0},"end":{"line":49,"column":1}},"17":{"start":{"line":48,"column":2},"end":{"line":48,"column":37}},"18":{"start":{"line":51,"column":0},"end":{"line":51,"column":21}},"19":{"start":{"line":52,"column":0},"end":{"line":52,"column":26}},"20":{"start":{"line":53,"column":0},"end":{"line":53,"column":28}},"21":{"start":{"line":54,"column":0},"end":{"line":54,"column":28}},"22":{"start":{"line":55,"column":0},"end":{"line":55,"column":24}}},"branchMap":{"1":{"line":32,"type":"if","locations":[{"start":{"line":32,"column":2},"end":{"line":32,"column":2}},{"start":{"line":32,"column":2},"end":{"line":32,"column":2}}]},"2":{"line":33,"type":"binary-expr","locations":[{"start":{"line":33,"column":28},"end":{"line":33,"column":43}},{"start":{"line":33,"column":47},"end":{"line":33,"column":68}}]},"3":{"line":34,"type":"binary-expr","locations":[{"start":{"line":34,"column":27},"end":{"line":34,"column":41}},{"start":{"line":34,"column":45},"end":{"line":34,"column":65}}]},"4":{"line":35,"type":"binary-expr","locations":[{"start":{"line":35,"column":28},"end":{"line":35,"column":43}},{"start":{"line":35,"column":47},"end":{"line":35,"column":68}}]}},"code":["const debugLib = require('debug')","const errorLogger = debugLib('electronpdf:error:')","const infoLogger = debugLib('electronpdf:info:')","const debugLogger = debugLib('electronpdf:debug:')","","// https://github.com/winstonjs/winston#logging-levels","const LEVELS = {","  error: 0,","  info: 2,","  debug: 4","}","","const loggers = {","  0: errorLogger,","  2: infoLogger,","  4: debugLogger","}","","/**"," * Accepts an object to override one or more loggers.  Provide a function for"," * one of the following log levels.  The function should accept varargs to be"," * logged."," *"," * {"," *   error: function"," *   info: function"," *   debug : function"," * }"," * @param loggers"," */","function set (loggerObj) {","  if (loggerObj) {","    loggers[LEVELS.error] = loggerObj.error || loggers[LEVELS.error]","    loggers[LEVELS.info] = loggerObj.info || loggers[LEVELS.info]","    loggers[LEVELS.debug] = loggerObj.debug || loggers[LEVELS.debug]","  }","}","","function error () {","  loggers[LEVELS.error](...arguments)","}","","function info () {","  loggers[LEVELS.info](...arguments)","}","","function debug () {","  loggers[LEVELS.debug](...arguments)","}","","module.exports = info","module.exports.info = info","module.exports.debug = debug","module.exports.error = error","module.exports.set = set","",""],"l":{"1":1,"2":1,"3":1,"4":1,"7":1,"13":1,"31":1,"32":0,"33":0,"34":0,"35":0,"39":1,"40":0,"43":1,"44":0,"47":1,"48":0,"51":1,"52":1,"53":1,"54":1,"55":1}},"/home/travis/build/npmtest/node-npmtest-electron-pdf/node_modules/electron-pdf/lib/exportJob.js":{"path":"/home/travis/build/npmtest/node-npmtest-electron-pdf/node_modules/electron-pdf/lib/exportJob.js","s":{"1":1,"2":1,"3":1,"4":1,"5":1,"6":1,"7":1,"8":1,"9":1,"10":1,"11":1,"12":1,"13":1,"14":1,"15":1,"16":1,"17":1,"18":1,"19":1,"20":1,"21":1,"22":1,"23":0,"24":0,"25":0,"26":0,"27":0,"28":0,"29":0,"30":0,"31":0,"32":0,"33":0,"34":0,"35":0,"36":0,"37":0,"38":0,"39":0,"40":0,"41":0,"42":0,"43":0,"44":0,"45":0,"46":0,"47":0,"48":0,"49":0,"50":0,"51":0,"52":0,"53":0,"54":0,"55":0,"56":0,"57":0,"58":0,"59":0,"60":0,"61":0,"62":0,"63":0,"64":0,"65":0,"66":0,"67":0,"68":0,"69":0,"70":0,"71":0,"72":0,"73":0,"74":0,"75":0,"76":0,"77":0,"78":0,"79":0,"80":0,"81":0,"82":0,"83":0,"84":0,"85":0,"86":0,"87":0,"88":0,"89":0,"90":0,"91":0,"92":0,"93":0,"94":0,"95":0,"96":0,"97":0,"98":0,"99":0,"100":0,"101":0,"102":0,"103":0,"104":0,"105":0,"106":0,"107":0,"108":0,"109":0,"110":0,"111":0,"112":0,"113":0,"114":0,"115":0,"116":0,"117":0,"118":0,"119":0,"120":0,"121":0,"122":0,"123":0,"124":0,"125":0,"126":0,"127":0,"128":0,"129":0,"130":0,"131":0,"132":0,"133":0,"134":0,"135":0,"136":0,"137":0,"138":0,"139":0,"140":0,"141":0,"142":0,"143":0,"144":0,"145":0,"146":0,"147":0,"148":0,"149":0,"150":0,"151":0,"152":0,"153":0,"154":0,"155":0,"156":0,"157":0,"158":0,"159":0,"160":0,"161":0,"162":0,"163":0,"164":0,"165":0,"166":0,"167":0,"168":0,"169":0,"170":0,"171":0,"172":0,"173":0,"174":0,"175":0,"176":0,"177":0,"178":0,"179":0,"180":0,"181":0,"182":0,"183":0,"184":1},"b":{"1":[1,1],"2":[1,1],"3":[0,0],"4":[0,0],"5":[0,0],"6":[0,0],"7":[0,0],"8":[0,0],"9":[0,0],"10":[0,0],"11":[0,0],"12":[0,0],"13":[0,0],"14":[0,0],"15":[0,0],"16":[0,0],"17":[0,0],"18":[0,0],"19":[0,0],"20":[0,0],"21":[0,0],"22":[0,0],"23":[0,0],"24":[0,0],"25":[0,0],"26":[0,0],"27":[0,0]},"f":{"1":0,"2":0,"3":0,"4":0,"5":0,"6":0,"7":0,"8":0,"9":0,"10":0,"11":0,"12":0,"13":0,"14":0,"15":0,"16":0,"17":0,"18":0,"19":0,"20":0,"21":0,"22":0,"23":0,"24":0,"25":0,"26":0,"27":0,"28":0,"29":0,"30":0},"fnMap":{"1":{"name":"(anonymous_1)","line":85,"loc":{"start":{"line":85,"column":14},"end":{"line":85,"column":45}}},"2":{"name":"(anonymous_2)","line":120,"loc":{"start":{"line":120,"column":9},"end":{"line":120,"column":12}}},"3":{"name":"(anonymous_3)","line":181,"loc":{"start":{"line":181,"column":20},"end":{"line":181,"column":30}}},"4":{"name":"(anonymous_4)","line":196,"loc":{"start":{"line":196,"column":17},"end":{"line":196,"column":30}}},"5":{"name":"(anonymous_5)","line":205,"loc":{"start":{"line":205,"column":10},"end":{"line":205,"column":13}}},"6":{"name":"(anonymous_6)","line":229,"loc":{"start":{"line":229,"column":21},"end":{"line":229,"column":41}}},"7":{"name":"(anonymous_7)","line":244,"loc":{"start":{"line":244,"column":6},"end":{"line":252,"column":30}}},"8":{"name":"(anonymous_8)","line":273,"loc":{"start":{"line":273,"column":31},"end":{"line":273,"column":43}}},"9":{"name":"(anonymous_9)","line":295,"loc":{"start":{"line":295,"column":21},"end":{"line":295,"column":67}}},"10":{"name":"(anonymous_10)","line":298,"loc":{"start":{"line":298,"column":33},"end":{"line":298,"column":46}}},"11":{"name":"(anonymous_11)","line":305,"loc":{"start":{"line":305,"column":41},"end":{"line":305,"column":56}}},"12":{"name":"(anonymous_12)","line":321,"loc":{"start":{"line":321,"column":23},"end":{"line":321,"column":26}}},"13":{"name":"(anonymous_13)","line":331,"loc":{"start":{"line":331,"column":21},"end":{"line":331,"column":33}}},"14":{"name":"(anonymous_14)","line":343,"loc":{"start":{"line":343,"column":27},"end":{"line":343,"column":34}}},"15":{"name":"(anonymous_15)","line":381,"loc":{"start":{"line":381,"column":11},"end":{"line":381,"column":25}}},"16":{"name":"(anonymous_16)","line":405,"loc":{"start":{"line":405,"column":15},"end":{"line":405,"column":52}}},"17":{"name":"(anonymous_17)","line":414,"loc":{"start":{"line":414,"column":23},"end":{"line":414,"column":66}}},"18":{"name":"(anonymous_18)","line":431,"loc":{"start":{"line":431,"column":21},"end":{"line":431,"column":72}}},"19":{"name":"(anonymous_19)","line":463,"loc":{"start":{"line":463,"column":20},"end":{"line":463,"column":63}}},"20":{"name":"(anonymous_20)","line":477,"loc":{"start":{"line":477,"column":21},"end":{"line":477,"column":51}}},"21":{"name":"(anonymous_21)","line":506,"loc":{"start":{"line":506,"column":29},"end":{"line":506,"column":67}}},"22":{"name":"(anonymous_22)","line":550,"loc":{"start":{"line":550,"column":18},"end":{"line":550,"column":45}}},"23":{"name":"(anonymous_23)","line":571,"loc":{"start":{"line":571,"column":15},"end":{"line":571,"column":42}}},"24":{"name":"(anonymous_24)","line":574,"loc":{"start":{"line":574,"column":35},"end":{"line":574,"column":50}}},"25":{"name":"(anonymous_25)","line":580,"loc":{"start":{"line":580,"column":16},"end":{"line":580,"column":43}}},"26":{"name":"(anonymous_26)","line":591,"loc":{"start":{"line":591,"column":42},"end":{"line":591,"column":57}}},"27":{"name":"(anonymous_27)","line":599,"loc":{"start":{"line":599,"column":14},"end":{"line":599,"column":47}}},"28":{"name":"(anonymous_28)","line":618,"loc":{"start":{"line":618,"column":13},"end":{"line":618,"column":43}}},"29":{"name":"(anonymous_29)","line":640,"loc":{"start":{"line":640,"column":22},"end":{"line":640,"column":40}}},"30":{"name":"(anonymous_30)","line":665,"loc":{"start":{"line":665,"column":17},"end":{"line":665,"column":34}}}},"statementMap":{"1":{"start":{"line":4,"column":0},"end":{"line":4,"column":30}},"2":{"start":{"line":5,"column":0},"end":{"line":5,"column":24}},"3":{"start":{"line":6,"column":0},"end":{"line":6,"column":28}},"4":{"start":{"line":7,"column":0},"end":{"line":7,"column":26}},"5":{"start":{"line":10,"column":0},"end":{"line":10,"column":27}},"6":{"start":{"line":11,"column":0},"end":{"line":11,"column":59}},"7":{"start":{"line":12,"column":0},"end":{"line":12,"column":36}},"8":{"start":{"line":13,"column":0},"end":{"line":13,"column":28}},"9":{"start":{"line":15,"column":0},"end":{"line":15,"column":41}},"10":{"start":{"line":16,"column":0},"end":{"line":16,"column":34}},"11":{"start":{"line":17,"column":0},"end":{"line":17,"column":45}},"12":{"start":{"line":18,"column":0},"end":{"line":18,"column":45}},"13":{"start":{"line":19,"column":0},"end":{"line":19,"column":46}},"14":{"start":{"line":20,"column":0},"end":{"line":20,"column":42}},"15":{"start":{"line":21,"column":0},"end":{"line":21,"column":31}},"16":{"start":{"line":26,"column":0},"end":{"line":26,"column":97}},"17":{"start":{"line":29,"column":0},"end":{"line":29,"column":34}},"18":{"start":{"line":31,"column":0},"end":{"line":31,"column":74}},"19":{"start":{"line":33,"column":0},"end":{"line":33,"column":49}},"20":{"start":{"line":35,"column":0},"end":{"line":35,"column":41}},"21":{"start":{"line":37,"column":0},"end":{"line":40,"column":1}},"22":{"start":{"line":43,"column":0},"end":{"line":43,"column":72}},"23":{"start":{"line":86,"column":4},"end":{"line":91,"column":6}},"24":{"start":{"line":92,"column":4},"end":{"line":92,"column":23}},"25":{"start":{"line":93,"column":4},"end":{"line":93,"column":51}},"26":{"start":{"line":94,"column":4},"end":{"line":94,"column":24}},"27":{"start":{"line":95,"column":4},"end":{"line":95,"column":20}},"28":{"start":{"line":96,"column":4},"end":{"line":96,"column":57}},"29":{"start":{"line":98,"column":4},"end":{"line":98,"column":77}},"30":{"start":{"line":99,"column":4},"end":{"line":99,"column":85}},"31":{"start":{"line":100,"column":4},"end":{"line":102,"column":61}},"32":{"start":{"line":104,"column":4},"end":{"line":106,"column":5}},"33":{"start":{"line":105,"column":6},"end":{"line":105,"column":57}},"34":{"start":{"line":108,"column":4},"end":{"line":108,"column":35}},"35":{"start":{"line":110,"column":4},"end":{"line":110,"column":46}},"36":{"start":{"line":121,"column":4},"end":{"line":121,"column":44}},"37":{"start":{"line":122,"column":4},"end":{"line":122,"column":31}},"38":{"start":{"line":123,"column":4},"end":{"line":123,"column":27}},"39":{"start":{"line":124,"column":4},"end":{"line":124,"column":39}},"40":{"start":{"line":127,"column":4},"end":{"line":127,"column":34}},"41":{"start":{"line":128,"column":4},"end":{"line":128,"column":89}},"42":{"start":{"line":130,"column":4},"end":{"line":130,"column":27}},"43":{"start":{"line":132,"column":4},"end":{"line":132,"column":53}},"44":{"start":{"line":133,"column":4},"end":{"line":144,"column":6}},"45":{"start":{"line":134,"column":6},"end":{"line":143,"column":8}},"46":{"start":{"line":135,"column":8},"end":{"line":135,"column":79}},"47":{"start":{"line":136,"column":8},"end":{"line":136,"column":49}},"48":{"start":{"line":137,"column":8},"end":{"line":137,"column":91}},"49":{"start":{"line":138,"column":8},"end":{"line":138,"column":102}},"50":{"start":{"line":140,"column":8},"end":{"line":140,"column":61}},"51":{"start":{"line":141,"column":8},"end":{"line":141,"column":59}},"52":{"start":{"line":142,"column":8},"end":{"line":142,"column":35}},"53":{"start":{"line":146,"column":4},"end":{"line":160,"column":6}},"54":{"start":{"line":147,"column":6},"end":{"line":150,"column":7}},"55":{"start":{"line":148,"column":8},"end":{"line":148,"column":19}},"56":{"start":{"line":149,"column":8},"end":{"line":149,"column":55}},"57":{"start":{"line":158,"column":6},"end":{"line":158,"column":81}},"58":{"start":{"line":159,"column":6},"end":{"line":159,"column":63}},"59":{"start":{"line":182,"column":4},"end":{"line":182,"column":37}},"60":{"start":{"line":197,"column":4},"end":{"line":197,"column":26}},"61":{"start":{"line":206,"column":4},"end":{"line":214,"column":5}},"62":{"start":{"line":207,"column":6},"end":{"line":213,"column":7}},"63":{"start":{"line":208,"column":8},"end":{"line":208,"column":63}},"64":{"start":{"line":209,"column":8},"end":{"line":209,"column":47}},"65":{"start":{"line":210,"column":8},"end":{"line":210,"column":27}},"66":{"start":{"line":212,"column":8},"end":{"line":212,"column":31}},"67":{"start":{"line":230,"column":4},"end":{"line":233,"column":6}},"68":{"start":{"line":232,"column":6},"end":{"line":232,"column":61}},"69":{"start":{"line":234,"column":4},"end":{"line":236,"column":6}},"70":{"start":{"line":235,"column":6},"end":{"line":235,"column":65}},"71":{"start":{"line":237,"column":4},"end":{"line":239,"column":6}},"72":{"start":{"line":238,"column":6},"end":{"line":238,"column":63}},"73":{"start":{"line":240,"column":4},"end":{"line":242,"column":6}},"74":{"start":{"line":241,"column":6},"end":{"line":241,"column":57}},"75":{"start":{"line":243,"column":4},"end":{"line":264,"column":8}},"76":{"start":{"line":253,"column":8},"end":{"line":263,"column":10}},"77":{"start":{"line":274,"column":4},"end":{"line":274,"column":42}},"78":{"start":{"line":277,"column":4},"end":{"line":277,"column":26}},"79":{"start":{"line":280,"column":4},"end":{"line":280,"column":46}},"80":{"start":{"line":281,"column":4},"end":{"line":281,"column":92}},"81":{"start":{"line":282,"column":4},"end":{"line":282,"column":42}},"82":{"start":{"line":296,"column":4},"end":{"line":311,"column":5}},"83":{"start":{"line":297,"column":6},"end":{"line":297,"column":44}},"84":{"start":{"line":298,"column":6},"end":{"line":310,"column":8}},"85":{"start":{"line":299,"column":8},"end":{"line":299,"column":38}},"86":{"start":{"line":300,"column":8},"end":{"line":304,"column":9}},"87":{"start":{"line":305,"column":8},"end":{"line":309,"column":10}},"88":{"start":{"line":306,"column":10},"end":{"line":308,"column":11}},"89":{"start":{"line":307,"column":12},"end":{"line":307,"column":28}},"90":{"start":{"line":322,"column":4},"end":{"line":322,"column":66}},"91":{"start":{"line":323,"column":4},"end":{"line":323,"column":38}},"92":{"start":{"line":324,"column":4},"end":{"line":324,"column":55}},"93":{"start":{"line":325,"column":4},"end":{"line":325,"column":21}},"94":{"start":{"line":326,"column":4},"end":{"line":329,"column":6}},"95":{"start":{"line":331,"column":4},"end":{"line":333,"column":6}},"96":{"start":{"line":332,"column":6},"end":{"line":332,"column":16}},"97":{"start":{"line":344,"column":4},"end":{"line":344,"column":81}},"98":{"start":{"line":346,"column":4},"end":{"line":353,"column":5}},"99":{"start":{"line":359,"column":4},"end":{"line":361,"column":5}},"100":{"start":{"line":360,"column":6},"end":{"line":360,"column":55}},"101":{"start":{"line":363,"column":4},"end":{"line":363,"column":33}},"102":{"start":{"line":364,"column":4},"end":{"line":370,"column":5}},"103":{"start":{"line":365,"column":6},"end":{"line":365,"column":67}},"104":{"start":{"line":367,"column":6},"end":{"line":369,"column":22}},"105":{"start":{"line":371,"column":4},"end":{"line":371,"column":54}},"106":{"start":{"line":382,"column":4},"end":{"line":382,"column":23}},"107":{"start":{"line":383,"column":4},"end":{"line":385,"column":5}},"108":{"start":{"line":384,"column":6},"end":{"line":384,"column":51}},"109":{"start":{"line":386,"column":4},"end":{"line":386,"column":60}},"110":{"start":{"line":387,"column":4},"end":{"line":387,"column":56}},"111":{"start":{"line":406,"column":4},"end":{"line":406,"column":51}},"112":{"start":{"line":407,"column":4},"end":{"line":411,"column":5}},"113":{"start":{"line":408,"column":6},"end":{"line":408,"column":73}},"114":{"start":{"line":410,"column":6},"end":{"line":410,"column":44}},"115":{"start":{"line":415,"column":4},"end":{"line":415,"column":80}},"116":{"start":{"line":416,"column":4},"end":{"line":416,"column":76}},"117":{"start":{"line":417,"column":4},"end":{"line":417,"column":77}},"118":{"start":{"line":433,"column":4},"end":{"line":440,"column":19}},"119":{"start":{"line":443,"column":4},"end":{"line":443,"column":89}},"120":{"start":{"line":444,"column":4},"end":{"line":444,"column":90}},"121":{"start":{"line":445,"column":4},"end":{"line":445,"column":42}},"122":{"start":{"line":448,"column":4},"end":{"line":448,"column":67}},"123":{"start":{"line":448,"column":45},"end":{"line":448,"column":66}},"124":{"start":{"line":450,"column":4},"end":{"line":450,"column":45}},"125":{"start":{"line":464,"column":4},"end":{"line":464,"column":66}},"126":{"start":{"line":465,"column":4},"end":{"line":465,"column":73}},"127":{"start":{"line":466,"column":4},"end":{"line":466,"column":22}},"128":{"start":{"line":478,"column":4},"end":{"line":478,"column":64}},"129":{"start":{"line":479,"column":4},"end":{"line":492,"column":5}},"130":{"start":{"line":483,"column":
[...]
},"end":{"line":17,"column":2}}]},"3":{"line":19,"type":"cond-expr","locations":[{"start":{"line":19,"column":38},"end":{"line":19,"column":42}},{"start":{"line":19,"column":45},"end":{"line":19,"column":54}}]},"4":{"line":19,"type":"binary-expr","locations":[{"start":{"line":19,"column":15},"end":{"line":19,"column":27}},{"start":{"line":19,"column":31},"end":{"line":19,"column":35}}]}},"code":["var assert = require('assert')","var assign = require('object-assign')","var path = require('path')","var url = require('url')","","function encode (args) {","  assert.strictEqual(typeof args, 'object', 'args must be an object')","  // stringify the args","  args = args ? encodeURIComponent(JSON.stringify(args)) : ''","  return args","}","","function urlWithArgs (urlOrFile, args) {","  args = encode(args)","","  var u","  if (urlOrFile.indexOf('http') === 0) {","    var urlData = url.parse(urlOrFile)","    var hash = urlData.hash || args ? args : undefined","    u = url.format(assign(urlData, { hash: hash }))","  } else { // presumably a file url","    u = url.format({","      protocol: 'file',","      pathname: path.resolve(urlOrFile),","      slashes: true,","      hash: args","    })","  }","","  return u","}","","module.exports = {","  encode: encode,","  urlWithArgs: urlWithArgs","}",""],"l":{"1":1,"2":1,"3":1,"4":1,"6":1,"7":0,"9":0,"10":0,"13":1,"14":0,"16":0,"17":0,"18":0,"19":0,"20":0,"22":0,"30":0,"33":1}},"/home/travis/build/npmtest/node-npmtest-electron-pdf/node_modules/electron-pdf/lib/source.js":{"path":"/home/travis/build/npmtest/node-npmtest-electron-pdf/node_modules/electron-pdf/lib/source.js","s":{"1":1,"2":1,"3":1,"4":1,"5":0,"6":0,"7":0,"8":0,"9":0,"10":0,"11":0,"12":0,"13":0,"14":0,"15":0,"16":0,"17":0,"18":0,"19":0,"20":0,"21":0,"22":0,"23":0,"24":0,"25":1},"b":{"1":[0,0],"2":[0,0],"3":[0,0],"4":[0,0],"5":[0,0],"6":[0,0]},"f":{"1":0,"2":0,"3":0},"fnMap":{"1":{"name":"(anonymous_1)","line":19,"loc":{"start":{"line":19,"column":10},"end":{"line":19,"column":24}}},"2":{"name":"(anonymous_2)","line":26,"loc":{"start":{"line":26,"column":11},"end":{"line":26,"column":25}}},"3":{"name":"(anonymous_3)","line":47,"loc":{"start":{"line":47,"column":14},"end":{"line":47,"column":22}}}},"statementMap":{"1":{"start":{"line":3,"column":0},"end":{"line":3,"column":27}},"2":{"start":{"line":4,"column":0},"end":{"line":4,"column":28}},"3":{"start":{"line":6,"column":0},"end":{"line":6,"column":34}},"4":{"start":{"line":7,"column":0},"end":{"line":7,"column":48}},"5":{"start":{"line":20,"column":4},"end":{"line":20,"column":52}},"6":{"start":{"line":22,"column":4},"end":{"line":22,"column":70}},"7":{"start":{"line":22,"column":38},"end":{"line":22,"column":68}},"8":{"start":{"line":23,"column":4},"end":{"line":23,"column":32}},"9":{"start":{"line":27,"column":4},"end":{"line":44,"column":6}},"10":{"start":{"line":28,"column":6},"end":{"line":43,"column":7}},"11":{"start":{"line":29,"column":8},"end":{"line":29,"column":21}},"12":{"start":{"line":30,"column":8},"end":{"line":32,"column":9}},"13":{"start":{"line":31,"column":10},"end":{"line":31,"column":35}},"14":{"start":{"line":34,"column":8},"end":{"line":40,"column":10}},"15":{"start":{"line":35,"column":10},"end":{"line":38,"column":11}},"16":{"start":{"line":36,"column":12},"end":{"line":36,"column":52}},"17":{"start":{"line":37,"column":12},"end":{"line":37,"column":23}},"18":{"start":{"line":39,"column":10},"end":{"line":39,"column":30}},"19":{"start":{"line":42,"column":8},"end":{"line":42,"column":22}},"20":{"start":{"line":48,"column":4},"end":{"line":48,"column":20}},"21":{"start":{"line":49,"column":4},"end":{"line":52,"column":5}},"22":{"start":{"line":50,"column":6},"end":{"line":50,"column":49}},"23":{"start":{"line":51,"column":6},"end":{"line":51,"column":65}},"24":{"start":{"line":53,"column":4},"end":{"line":53,"column":15}},"25":{"start":{"line":57,"column":0},"end":{"line":57,"column":23}}},"branchMap":{"1":{"line":20,"type":"cond-expr","locations":[{"start":{"line":20,"column":37},"end":{"line":20,"column":42}},{"start":{"line":20,"column":45},"end":{"line":20,"column":52}}]},"2":{"line":28,"type":"if","locations":[{"start":{"line":28,"column":6},"end":{"line":28,"column":6}},{"start":{"line":28,"column":6},"end":{"line":28,"column":6}}]},"3":{"line":30,"type":"if","locations":[{"start":{"line":30,"column":8},"end":{"line":30,"column":8}},{"start":{"line":30,"column":8},"end":{"line":30,"column":8}}]},"4":{"line":35,"type":"if","locations":[{"start":{"line":35,"column":10},"end":{"line":35,"column":10}},{"start":{"line":35,"column":10},"end":{"line":35,"column":10}}]},"5":{"line":49,"type":"if","locations":[{"start":{"line":49,"column":4},"end":{"line":49,"column":4}},{"start":{"line":49,"column":4},"end":{"line":49,"column":4}}]},"6":{"line":51,"type":"binary-expr","locations":[{"start":{"line":51,"column":13},"end":{"line":51,"column":34}},{"start":{"line":51,"column":38},"end":{"line":51,"column":65}}]}},"code":["'use strict'","","const _ = require('lodash')","const path = require('path')","","const logger = require('./logger')","const markdownToHTMLPath = require('./markdown')","","class Source {","","  /**","   * Given a single URL String or an array of URLs return an array with any","   * transformations applied (i.e. markdown processor)","   *","   * @param input","   * @param args","   * @returns {Array} of Promises","   */","  resolve (input, args) {","    const files = _.isArray(input) ? input : [input]","    // wargs.urlWithArgs(this.markdown(input, args), {})","    const promises = files.map(i => { return this.markdown(i, args) })","    return Promise.all(promises)","  }","","  markdown (input, args) {","    return new Promise((resolve, reject) => {","      if (this._isMarkdown(input)) {","        var opts = {}","        if (args.css) {","          opts.customCss = args.css","        }","        // if given a markdown, render it into HTML and return the path of the HTML","        markdownToHTMLPath(input, opts, (err, tmpHTMLPath) => {","          if (err) {","            logger('Parse markdown file error', err)","            reject(err)","          }","          resolve(tmpHTMLPath)","        })","      } else {","        resolve(input)","      }","    })","  }","","  _isMarkdown (input) {","    var isMd = false","    if (_.isString(input)) {","      var ext = path.extname(input).toLowerCase()","      isMd = ext.indexOf('md') > 0 || ext.indexOf('markdown') > 0","    }","    return isMd","  }","}","","module.exports = Source",""],"l":{"3":1,"4":1,"6":1,"7":1,"20":0,"22":0,"23":0,"27":0,"28":0,"29":0,"30":0,"31":0,"34":0,"35":0,"36":0,"37":0,"39":0,"42":0,"48":0,"49":0,"50":0,"51":0,"53":0,"57":1}},"/home/travis/build/npmtest/node-npmtest-electron-pdf/node_modules/electron-pdf/lib/markdown.js":{"path":"/home/travis/build/npmtest/node-npmtest-electron-pdf/node_modules/electron-pdf/lib/markdown.js","s":{"1":1,"2":1,"3":1,"4":1,"5":1,"6":1,"7":1,"8":1,"9":0,"10":0,"11":0,"12":0,"13":0,"14":0,"15":0,"16":0,"17":0,"18":0,"19":0,"20":0,"21":0,"22":0,"23":0,"24":0,"25":0,"26":0,"27":0,"28":0,"29":0,"30":0,"31":0,"32":0},"b":{"1":[0,0],"2":[0,0],"3":[0,0],"4":[0,0],"5":[0,0],"6":[0,0],"7":[0,0],"8":[0,0],"9":[0,0],"10":[0,0],"11":[0,0],"12":[0,0]},"f":{"1":0,"2":0,"3":0,"4":0},"fnMap":{"1":{"name":"(anonymous_1)","line":15,"loc":{"start":{"line":15,"column":17},"end":{"line":15,"column":47}}},"2":{"name":"(anonymous_2)","line":30,"loc":{"start":{"line":30,"column":15},"end":{"line":30,"column":37}}},"3":{"name":"(anonymous_3)","line":35,"loc":{"start":{"line":35,"column":21},"end":{"line":35,"column":53}}},"4":{"name":"(anonymous_4)","line":65,"loc":{"start":{"line":65,"column":43},"end":{"line":65,"column":58}}}},"statementMap":{"1":{"start":{"line":1,"column":0},"end":{"line":1,"column":32}},"2":{"start":{"line":2,"column":0},"end":{"line":2,"column":24}},"3":{"start":{"line":3,"column":0},"end":{"line":3,"column":24}},"4":{"start":{"line":4,"column":0},"end":{"line":4,"column":28}},"5":{"start":{"line":5,"column":0},"end":{"line":5,"column":28}},"6":{"start":{"line":6,"column":0},"end":{"line":6,"column":43}},"7":{"start":{"line":7,"column":0},"end":{"line":7,"column":34}},"8":{"start":{"line":15,"column":0},"end":{"line":73,"column":1}},"9":{"start":{"line":16,"column":2},"end":{"line":19,"column":3}},"10":{"start":{"line":17,"column":4},"end":{"line":17,"column":16}},"11":{"start":{"line":18,"column":4},"end":{"line":18,"column":16}},"12":{"start":{"line":21,"column":2},"end":{"line":33,"column":4}},"13":{"start":{"line":31,"column":6},"end":{"line":31,"column":60}},"14":{"start":{"line":35,"column":2},"end":{"line":72,"column":4}},"15":{"start":{"line":36,"column":4},"end":{"line":38,"column":5}},"16":{"start":{"line":37,"column":6},"end":{"line":37,"column":13}},"17":{"start":{"line":40,"column":4},"end":{"line":40,"column":53}},"18":{"start":{"line":41,"column":4},"end":{"line":41,"column":86}},"19":{"start":{"line":42,"column":4},"end":{"line":42,"column":82}},"20":{"start":{"line":43,"column":4},"end":{"line":43,"column":80}},"21":{"start":{"line":45,"column":4},"end":{"line":48,"column":85}},"22":{"start":{"line":52,"column":4},"end":{"line":54,"column":5}},"23":{"start":{"line":53,"column":6},"end":{"line":53,"column":92}},"24":{"start":{"line":56,"column":4},"end":{"line":57,"column":47}},"25":{"start":{"line":59,"column":4},"end":{"line":59,"column":43}},"26":{"start":{"line":61,"column":4},"end":{"line":61,"column":56}},"27":{"start":{"line":63,"column":4},"end":{"line":63,"column":93}},"28":{"start":{"line":65,"column":4},"end":{"line":71,"column":6}},"29":{"start":{"line":66,"column":6},"end":{"line":68,"column":7}},"30":{"start":{"line":67,"column":8},"end":{"line":67,"column":15}},"31":{"start":{"line":69,"column":6},"end":{"line":69,"column":69}},"32":{"start":{"line":70,"column":6},"end":{"line":70,"column":27}}},"branchMap":{"1":{"line":16,"type":"if","locations":[{"start":{"line":16,"column":2},"end":{"line":16,"column":2}},{"start":{"line":16,"column":2},"end":{"line":16,"column":2}}]},"2":{"line":22,"type":"binary-expr","locations":[{"start":{"line":22,"column":14},"end":{"line":22,"column":30}},{"start":{"line":22,"column":34},"end":{"line":22,"column":55}}]},"3":{"line":23,"type":"binary-expr","locations":[{"start":{"line":23,"column":9},"end":{"line":23,"column":20}},{"start":{"line":23,"column":24},"end":{"line":23,"column":28}}]},"4":{"line":24,"type":"binary-expr","locations":[{"start":{"line":24,"column":12},"end":{"line":24,"column":26}},{"start":{"line":24,"column":30},"end":{"line":24,"column":34}}]},"5":{"line":25,"type":"binary-expr","locations":[{"start":{"line":25,"column":12},"end":{"line":25,"column":26}},{"start":{"line":25,"column":30},"end":{"line":25,"column":35}}]},"6":{"line":26,"type":"binary-expr","locations":[{"start":{"line":26,"column":14},"end":{"line":26,"column":30}},{"start":{"line":26,"column":34},"end":{"line":26,"column":39}}]},"7":{"line":27,"type":"binary-expr","locations":[{"start":{"line":27,"column":14},"end":{"line":27,"column":30}},{"start":{"line":27,"column":34},"end":{"line":27,"column":38}}]},"8":{"line":28,"type":"binary-expr","locations":[{"start":{"line":28,"column":16},"end":{"line":28,"column":34}},{"start":{"line":28,"column":38},"end":{"line":28,"column":42}}]},"9":{"line":29,"type":"binary-expr","locations":[{"start":{"line":29,"column":17},"end":{"line":29,"column":36}},{"start":{"line":29,"column":40},"end":{"line":29,"column":45}}]},"10":{"line":36,"type":"if","locations":[{"start":{"line":36,"column":4},"end":{"line":36,"column":4}},{"start":{"line":36,"column":4},"end":{"line":36,"column":4}}]},"11":{"line":52,"type":"if","locations":[{"start":{"line":52,"column":4},"end":{"line":52,"column":4}},{"start":{"line":52,"column":4},"end":{"line":52,"column":4}}]},"12":{"line":66,"type":"if","locations":[{"start":{"line":66,"column":6},"end":{"line":66,"column":6}},{"start":{"line":66,"column":6},"end":{"line":66,"column":6}}]}},"code":["const marked = require('marked')","const fs = require('fs')","const os = require('os')","const path = require('path')","const uuid = require('uuid')","const highlightjs = require('highlight.js')","const logger = require('./logger')","","/**"," * parse the markdown content and write it to system tmp directory"," * @param  {String} input Path of the markdown file"," * @param  {Object} options Markdown parser options"," * @return {Function}         The callback function with HTML path"," */","module.exports = function (input, options, cb) {","  if (options instanceof Function) {","    cb = options","    options = {}","  }","","  marked.setOptions({","    renderer: options.renderer || new marked.Renderer(),","    gfm: options.gfm || true,","    tables: options.tables || true,","    breaks: options.breaks || false,","    pedantic: options.pedantic || false,","    sanitize: options.sanitize || true,","    smartLists: options.smartLists || true,","    smartypants: options.smartypants || false,","    highlight: function (code, lang) {","      return highlightjs.highlightAuto(code, [ lang ]).value","    }","  })","","  fs.readFile(input, function (err, markdownContent) {","    if (err) {","      cb(err)","    }","","    var htmlBody = marked(markdownContent.toString())","    var githubMarkdownCssPath = 'node_modules/github-markdown-css/github-markdown.css'","    var highlightjsDefaultCssPath = 'node_modules/highlight.js/styles/default.css'","    var highlightjsGithubCssPath = 'node_modules/highlight.js/styles/github.css'","","    var htmlHeader = '<meta charset=\"utf-8\">' +","      '<link rel=\"stylesheet\" href=\"' + path.resolve(githubMarkdownCssPath) + '\">' +","      '<link rel=\"stylesheet\" href=\"' + path.resolve(highlightjsDefaultCssPath) + '\">' +","      '<link rel=\"stylesheet\" href=\"' + path.resolve(highlightjsGithubCssPath) + '\">'","","    // inject custom css if exist","    // todo: validate css","    if (options.customCss) {","      htmlHeader += '<link rel=\"stylesheet\" href=\"' + path.resolve(options.customCss) + '\">'","    }","","    htmlHeader += '<style> .markdown-body { min-width: 200px; max-width: 790px; margin: 0 auto; padding: 30px; } </style>' +","      '<body><article class=\"markdown-body\">\\n'","","    var htmlFooter = '\\n </article></body>'","","    var htmlContent = htmlHeader + htmlBody + htmlFooter","","    var tmpHTMLPath = path.join(os.tmpdir(), path.parse(input).name + '-' + uuid() + '.html')","","    fs.writeFile(tmpHTMLPath, htmlContent, function (err) {","      if (err) {","        cb(err)","      }","      logger('Converted markdown to html:', input, '->', tmpHTMLPath)","      cb(null, tmpHTMLPath)","    })","  })","}",""],"l":{"1":1,"2":1,"3":1,"4":1,"5":1,"6":1,"7":1,"15":1,"16":0,"17":0,"18":0,"21":0,"31":0,"35":0,"36":0,"37":0,"40":0,"41":0,"42":0,"43":0,"45":0,"52":0,"53":0,"56":0,"59":0,"61":0,"63":0,"65":0,"66":0,"67":0,"69":0,"70":0}},"/home/travis/build/npmtest/node-npmtest-electron-pdf/node_modules/electron-pdf/lib/charge.js":{"path":"/home/travis/build/npmtest/node-npmtest-electron-pdf/node_modules/electron-pdf/lib/charge.js","s":{"1":1,"2":1,"3":1,"4":1,"5":1,"6":1,"7":1,"8":1,"9":1,"10":1,"11":1,"12":0,"13":0,"14":1,"15":1,"16":0,"17":0,"18":0,"19":0,"20":0,"21":0,"22":0,"23":0,"24":1,"25":1,"26":1,"27":1,"28":1,"29":1},"b":{"1":[1,1],"2":[1,1],"3":[0,1],"4":[1,0],"5":[1,1,0],"6":[1,0]},"f":{"1":1,"2":1},"fnMap":{"1":{"name":"usage","line":35,"loc":{"start":{"line":35,"column":0},"end":{"line":35,"column":22}}},"2":{"name":"(anonymous_2)","line":38,"loc":{"start":{"line":38,"column":17},"end":{"line":38,"column":29}}}},"statementMap":{"1":{"start":{"line":1,"column":0},"end":{"line":1,"column":37}},"2":{"start":{"line":2,"column":0},"end":{"line":2,"column":24}},"3":{"start":{"line":3,"column":0},"end":{"line":3,"column":28}},"4":{"start":{"line":5,"column":0},"end":{"line":5,"column":38}},"5":{"start":{"line":6,"column":0},"end":{"line":6,"column":35}},"6":{"start":{"line":7,"column":0},"end":{"line":7,"column":39}},"7":{"start":{"line":8,"column":0},"end":{"line":8,"column":34}},"8":{"start":{"line":10,"column":0},"end":{"line":10,"column":57}},"9":{"start":{"line":11,"column":0},"end":{"line":11,"column":37}},"10":{"start":{"line":12,"column":0},"end":{"line":12,"column":39}},"11":{"start":{"line":14,"column":0},"end":{"line":17,"column":1}},"12":{"start":{"line":15,"column":2},"end":{"line":15,"column":32}},"13":{"start":{"line":16,"column":2},"end":{"line":16,"column":17}},"14":{"start":{"line":19,"column":0},"end":{"line":33,"column":1}},"15":{"start":{"line":20,"column":2},"end":{"line":20,"column":10}},"16":{"start":{"line":22,"column":2},"end":{"line":22,"column":33}},"17":{"start":{"line":23,"column":2},"end":{"line":31,"column":4}},"18":{"start":{"line":24,"column":4},"end":{"line":30,"column":6}},"19":{"start":{"line":25,"column":6},"end":{"line":28,"column":8}},"20":{"start":{"line":26,"column":8},"end":{"line":26,"column":33}},"21":{"start":{"line":27,"column":8},"end":{"line":27,"column":23}},"22":{"start":{"line":29,"column":6},"end":{"line":29,"column":18}},"23":{"start":{"line":32,"column":2},"end":{"line":32,"column":18}},"24":{"start":{"line":35,"column":0},"end":{"line":41,"column":1}},"25":{"start":{"line":36,"column":2},"end":{"line":36,"column":70}},"26":{"start":{"line":37,"column":2},"end":{"line":37,"column":25}},"27":{"start":{"line":38,"column":2},"end":{"line":40,"column":4}},"28":{"start":{"line":39,"column":4},"end":{"line":39,"column":32}},"29":{"start":{"line":39,"column":14},"end":{"line":39,"column":32}}},"branchMap":{"1":{"line":11,"type":"binary-expr","locations":[{"start":{"line":11,"column":14},"end":{"line":11,"column":23}},{"start":{"line":11,"column":27},"end":{"line":11,"column":37}}]},"2":{"line":12,"type":"binary-expr","locations":[{"start":{"line":12,"column":15},"end":{"line":12,"column":24}},{"start":{"line":12,"column":28},"end":{"line":12,"column":39}}]},"3":{"line":14,"type":"if","locations":[{"start":{"line":14,"column":0},"end":{"line":14,"column":0}},{"start":{"line":14,"column":0},"end":{"line":14,"column":0}}]},"4":{"line":19,"type":"if","locations":[{"start":{"line":19,"column":0},"end":{"line":19,"column":0}},{"start":{"line":19,"column":0},"end":{"line":19,"column":0}}]},"5":{"line":19,"type":"binary-expr","locations":[{"start":{"line":19,"column":4},"end":{"line":19,"column":13}},{"start":{"line":19,"column":17},"end":{"line":19,"column":23}},{"start":{"line":19,"column":27},"end":{"line":19,"column":34}}]},"6":{"line":39,"type":"if","locations":[{"start":{"line":39,"column":4},"end":{"line":39,"column":4}},{"start":{"line":39,"column":4},"end":{"line":39,"column":4}}]}},"code":["const parseArgs = require('minimist')","const fs = require('fs')","const path = require('path')","","const pkg = require('../package.json')","const Exporter = require('./index')","const argOptions = require('./options')","const logger = require('./logger')","","const argv = parseArgs(process.argv.slice(2), argOptions)","const input = argv._[0] || argv.input","const output = argv._[1] || argv.output","","if (argv.version) {","  console.log('v' + pkg.version)","  process.exit(0)","}","","if (argv.help || !input || !output) {","  usage(1)","} else {","  const exporter = new Exporter()","  exporter.on('charged', () => {","    exporter.createJob(input, output, argv).then(job => {","      job.on('job-complete', () => {","        logger('Export Complete')","        exporter.stop()","      })","      job.render()","    })","  })","  exporter.start()","}","","function usage (code) {","  const rs = fs.createReadStream(path.join(__dirname, '../usage.txt'))","  rs.pipe(process.stdout)","  rs.on('close', function () {","    if (code) process.exit(code)","  })","}",""],"l":{"1":1,"2":1,"3":1,"5":1,"6":1,"7":1,"8":1,"10":1,"11":1,"12":1,"14":1,"15":0,"16":0,"19":1,"20":1,"22":0,"23":0,"24":0,"25":0,"26":0,"27":0,"29":0,"32":0,"35":1,"36":1,"37":1,"38":1,"39":1}}}